2016-09-27T19:03:33.248Z - info: Creating local storage instance at path: /home/haxxel/.config/Slack/local-settings.json
2016-09-27T19:03:33.252Z - error: Couldn't load /home/haxxel/.config/Slack/local-settings.json: ENOENT: no such file or directory, open '/home/haxxel/.config/Slack/local-settings.json'
2016-09-27T19:03:33.706Z - info: Creating local storage instance at path: /home/haxxel/.config/Slack/redux-state.json
2016-09-27T19:03:33.711Z - info: LOAD_PERSISTENT : {
  "updated": {
    "app": {
      "selectedTeamId": "T284RQWQL",
      "teamsByIndex": [
        "T03GEEQJT",
        "T284RQWQL"
      ],
      "windowSettings": {
        "size": [
          638,
          759
        ],
        "position": [
          642,
          20
        ],
        "isMaximized": false
      }
    },
    "settings": {
      "appVersion": "2.1.2",
      "versionName": "Champagne Supernova",
      "platform": "linux",
      "platformVersion": {
        "major": 4,
        "minor": 7,
        "build": 2
      },
      "isWin10": false,
      "isBeforeWin10": false,
      "resourcePath": "/usr/lib/slack/resources/app.asar",
      "webappSrcPath": null,
      "isDevMode": false,
      "devEnv": null,
      "logFile": null,
      "openDevToolsOnStart": false,
      "pretendNotReallyWindows10": false,
      "releaseChannel": "prod",
      "isMacAppStore": false,
      "isWindowsStore": false,
      "autoHideMenuBar": false,
      "isTitleBarHidden": false,
      "hasRunApp": true,
      "hasRunFromTray": true,
      "hasMigratedData": {
        "browser": true,
        "renderer": true,
        "macgap": false
      },
      "hasCleanedLogFilesForSpellcheckBug": true,
      "runFromTray": true,
      "launchOnStartup": false,
      "zoomLevel": 2,
      "PrefSSBFileDownloadPath": "/home/haxxel/Downloads",
      "useHwAcceleration": true
    },
    "teams": {
      "T03GEEQJT": {
        "name": "axel",
        "id": "U03GEEQJV",
        "team_id": "T03GEEQJT",
        "team_name": "Le Gäng",
        "team_url": "https://givemeaidshotline.slack.com/",
        "unreads": 8,
        "unreadHighlights": 0,
        "showBullet": true,
        "initials": "LG",
        "user_id": "U03GEEQJV",
        "theme": {
          "column_bg": "#4D5250",
          "menu_bg": "#444A47",
          "active_item": "#D39B46",
          "active_item_text": "#FFFFFF",
          "hover_item": "#434745",
          "text_color": "#FFFFFF",
          "active_presence": "#99D04A",
          "badge": "#DB6668"
        },
        "icons": {
          "image_34": "https://s3-us-west-2.amazonaws.com/slack-files2/avatars/2015-10-10/12268136053_28c26614fd9825d8a0c7_34.jpg",
          "image_44": "https://s3-us-west-2.amazonaws.com/slack-files2/avatars/2015-10-10/12268136053_28c26614fd9825d8a0c7_44.jpg",
          "image_68": "https://s3-us-west-2.amazonaws.com/slack-files2/avatars/2015-10-10/12268136053_28c26614fd9825d8a0c7_68.jpg",
          "image_88": "https://s3-us-west-2.amazonaws.com/slack-files2/avatars/2015-10-10/12268136053_28c26614fd9825d8a0c7_88.jpg",
          "image_102": "https://s3-us-west-2.amazonaws.com/slack-files2/avatars/2015-10-10/12268136053_28c26614fd9825d8a0c7_102.jpg",
          "image_132": "https://s3-us-west-2.amazonaws.com/slack-files2/avatars/2015-10-10/12268136053_28c26614fd9825d8a0c7_132.jpg",
          "image_original": "https://s3-us-west-2.amazonaws.com/slack-files2/avatars/2015-10-10/12268136053_28c26614fd9825d8a0c7_original.jpg",
          "image_230": "https://s3-us-west-2.amazonaws.com/slack-files2/avatars/2015-10-10/12268136053_28c26614fd9825d8a0c7_132.jpg"
        },
        "usage": 252190191
      },
      "T284RQWQL": {
        "name": "haxxel",
        "id": "U287GKYLX",
        "team_id": "T284RQWQL",
        "team_name": "DV",
        "team_url": "https://dv-uppsala.slack.com/",
        "unreads": 0,
        "unreadHighlights": 0,
        "showBullet": true,
        "initials": "D",
        "user_id": "U287GKYLX",
        "icons": {
          "image_34": "https://s3-us-west-2.amazonaws.com/slack-files2/avatars/2016-09-04/76172769749_b86a574bcbabd8c90b3d_34.png",
          "image_44": "https://s3-us-west-2.amazonaws.com/slack-files2/avatars/2016-09-04/76172769749_b86a574bcbabd8c90b3d_44.png",
          "image_68": "https://s3-us-west-2.amazonaws.com/slack-files2/avatars/2016-09-04/76172769749_b86a574bcbabd8c90b3d_68.png",
          "image_88": "https://s3-us-west-2.amazonaws.com/slack-files2/avatars/2016-09-04/76172769749_b86a574bcbabd8c90b3d_88.png",
          "image_102": "https://s3-us-west-2.amazonaws.com/slack-files2/avatars/2016-09-04/76172769749_b86a574bcbabd8c90b3d_102.png",
          "image_132": "https://s3-us-west-2.amazonaws.com/slack-files2/avatars/2016-09-04/76172769749_b86a574bcbabd8c90b3d_132.png",
          "image_230": "https://s3-us-west-2.amazonaws.com/slack-files2/avatars/2016-09-04/76172769749_b86a574bcbabd8c90b3d_230.png",
          "image_original": "https://s3-us-west-2.amazonaws.com/slack-files2/avatars/2016-09-04/76172769749_b86a574bcbabd8c90b3d_original.png"
        },
        "theme": {
          "column_bg": "#4D394B",
          "menu_bg": "#3E313C",
          "active_item": "#4C9689",
          "active_item_text": "#FFFFFF",
          "hover_item": "#3E313C",
          "text_color": "#FFFFFF",
          "active_presence": "#38978D",
          "badge": "#EB4D5C"
        },
        "usage": 20810095
      }
    }
  }
}
2016-09-27T19:03:33.721Z - info: No state in keychain, starting from scratch
2016-09-27T19:03:33.725Z - info: LOAD_PERSISTENT : {
  "updated": {}
}
2016-09-27T19:03:33.898Z - info: INITIALIZE_SETTINGS : {
  "isDevMode": false,
  "appVersion": "2.1.2",
  "versionName": "Champagne Supernova",
  "devEnv": null,
  "resourcePath": "/usr/lib/slack/resources/app.asar",
  "webappSrcPath": null,
  "launchOnStartup": false,
  "releaseChannel": "prod",
  "openDevToolsOnStart": false,
  "logFile": null,
  "pretendNotReallyWindows10": false,
  "platformVersion": {
    "major": 4,
    "minor": 7,
    "build": 4
  },
  "isTitleBarHidden": false
}
2016-09-27T19:03:34.015Z - info: ADD_WINDOW : {
  "windowId": 2,
  "windowType": "MAIN"
}
2016-09-27T19:03:34.026Z - info: Loading windowMetrics: {"size":[638,759],"position":[642,20],"isMaximized":false}
2016-09-27T19:03:34.298Z - info: Welcome to Slack 2.1.2 x64
2016-09-27T19:03:34.298Z - info: App load time: 1072ms
2016-09-27T19:03:34.303Z - warn: No updater exists for this platform
2016-09-27T19:03:37.457Z - info: Main window finished load. Launched on login: false
2016-09-27T19:03:37.485Z - info: FOCUS_PRIMARY_TEAM 
2016-09-27T19:04:11.928Z - info: RESET_ZOOM : 2
2016-09-27T19:21:34.415Z - info: FOCUS_PRIMARY_TEAM 
2016-09-27T19:21:40.891Z - info: FOCUS_PRIMARY_TEAM 
2016-09-27T19:33:34.136Z - info: SAVE_WINDOW_SETTINGS : {
  "size": [
    1280,
    759
  ],
  "position": [
    0,
    20
  ],
  "isMaximized": false
}
2016-09-27T19:35:57.032Z - info: FOREGROUND_APP 
2016-09-27T19:36:00.734Z - info: FOCUS_PRIMARY_TEAM 
2016-09-28T12:24:59.174Z - info: FOCUS_PRIMARY_TEAM 
2016-09-28T12:36:02.608Z - info: SAVE_WINDOW_SETTINGS : {
  "size": [
    1280,
    759
  ],
  "position": [
    0,
    20
  ],
  "isMaximized": false
}
2016-09-28T13:06:02.692Z - info: SAVE_WINDOW_SETTINGS : {
  "size": [
    1280,
    759
  ],
  "position": [
    0,
    20
  ],
  "isMaximized": false
}
2016-09-28T13:59:17.734Z - info: FOCUS_PRIMARY_TEAM 
2016-09-28T14:03:25.817Z - info: FOCUS_PRIMARY_TEAM 
2016-09-28T14:13:54.182Z - info: SAVE_WINDOW_SETTINGS : {
  "size": [
    1280,
    759
  ],
  "position": [
    0,
    20
  ],
  "isMaximized": false
}
2016-09-28T15:12:06.367Z - info: FOCUS_PRIMARY_TEAM 
2016-09-28T15:18:42.415Z - info: SAVE_WINDOW_SETTINGS : {
  "size": [
    1280,
    759
  ],
  "position": [
    0,
    20
  ],
  "isMaximized": false
}
2016-09-28T15:48:42.513Z - info: SAVE_WINDOW_SETTINGS : {
  "size": [
    1280,
    759
  ],
  "position": [
    0,
    20
  ],
  "isMaximized": false
}
