2016-09-27T19:03:37.403Z - info: LOAD_TEAMS : [
  "T03GEEQJT"
]
2016-09-27T19:03:37.416Z - info: T03GEEQJT usage: 252190191
2016-09-27T19:03:37.416Z - info: T284RQWQL usage: 20810095
2016-09-27T19:03:37.424Z - info: SET_NETWORK_STATUS : "online"
2016-09-27T19:03:37.641Z - info: Checking network connection to Slack...
2016-09-27T19:03:37.731Z - info: Bugsnag user: U287GKYLX
2016-09-27T19:03:57.922Z - error: Unable to set teamId: Timed out while running code: window.teamId = "T284RQWQL";
2016-09-27T19:03:58.035Z - error: Unable to set teamId: Timed out while running code: window.teamId = "T03GEEQJT";
2016-09-27T19:04:19.831Z - info: FOCUS_PRIMARY_TEAM 
2016-09-27T19:04:19.915Z - info: SELECT_TEAM : "T03GEEQJT"
2016-09-27T19:04:19.934Z - info: Team T284RQWQL was active for 42516
2016-09-27T19:04:21.581Z - info: FOCUS_PRIMARY_TEAM 
2016-09-27T19:04:21.638Z - info: SELECT_TEAM : "T284RQWQL"
2016-09-27T19:04:21.650Z - info: Team T03GEEQJT was active for 1716
2016-09-27T19:04:22.629Z - info: FOCUS_PRIMARY_TEAM 
2016-09-27T19:04:22.653Z - info: SELECT_TEAM : "T03GEEQJT"
2016-09-27T19:04:22.666Z - info: Team T284RQWQL was active for 1016
2016-09-28T12:24:54.994Z - info: SET_NETWORK_STATUS : "offline"
2016-09-28T12:24:58.081Z - info: Checking network connection to Slack...
2016-09-28T12:25:00.583Z - info: Checking network connection to Slack...
2016-09-28T12:25:03.082Z - info: Checking network connection to Slack...
2016-09-28T12:25:05.581Z - info: Checking network connection to Slack...
2016-09-28T12:25:06.140Z - info: SET_NETWORK_STATUS : "online"
2016-09-28T13:45:36.004Z - info: SET_NETWORK_STATUS : "offline"
2016-09-28T13:45:38.977Z - info: Checking network connection to Slack...
2016-09-28T13:45:41.478Z - info: Checking network connection to Slack...
2016-09-28T13:45:43.978Z - info: Checking network connection to Slack...
2016-09-28T13:45:46.477Z - info: Checking network connection to Slack...
2016-09-28T13:45:47.363Z - info: SET_NETWORK_STATUS : "online"
2016-09-28T15:05:16.990Z - info: SET_NETWORK_STATUS : "offline"
2016-09-28T15:05:19.971Z - info: Checking network connection to Slack...
2016-09-28T15:05:22.471Z - info: Checking network connection to Slack...
2016-09-28T15:05:24.970Z - info: Checking network connection to Slack...
2016-09-28T15:05:27.470Z - info: Checking network connection to Slack...
2016-09-28T15:05:28.358Z - info: SET_NETWORK_STATUS : "online"
2016-09-29T11:34:18.001Z - info: SET_NETWORK_STATUS : "offline"
2016-09-29T11:36:36.400Z - info: Checking network connection to Slack...
2016-09-29T11:36:38.900Z - info: Checking network connection to Slack...
2016-09-29T11:36:41.400Z - info: Checking network connection to Slack...
2016-09-29T11:36:43.900Z - info: Checking network connection to Slack...
2016-09-29T11:36:46.399Z - info: Checking network connection to Slack...
2016-09-29T11:36:48.900Z - info: Checking network connection to Slack...
2016-09-29T11:36:51.555Z - info: SET_NETWORK_STATUS : "online"
