2016-09-09T08:27:53.252Z - info: UPDATE_SEARCH_BOX_SIZE : {
  "newSize": {
    "width": 197
  }
}
2016-09-09T08:27:54.486Z - info: UPDATE_TEAM_ICONS : {
  "icons": {
    "image_34": "https://s3-us-west-2.amazonaws.com/slack-files2/avatars/2016-09-04/76172769749_b86a574bcbabd8c90b3d_34.png",
    "image_44": "https://s3-us-west-2.amazonaws.com/slack-files2/avatars/2016-09-04/76172769749_b86a574bcbabd8c90b3d_44.png",
    "image_68": "https://s3-us-west-2.amazonaws.com/slack-files2/avatars/2016-09-04/76172769749_b86a574bcbabd8c90b3d_68.png",
    "image_88": "https://s3-us-west-2.amazonaws.com/slack-files2/avatars/2016-09-04/76172769749_b86a574bcbabd8c90b3d_88.png",
    "image_102": "https://s3-us-west-2.amazonaws.com/slack-files2/avatars/2016-09-04/76172769749_b86a574bcbabd8c90b3d_102.png",
    "image_132": "https://s3-us-west-2.amazonaws.com/slack-files2/avatars/2016-09-04/76172769749_b86a574bcbabd8c90b3d_132.png",
    "image_230": "https://s3-us-west-2.amazonaws.com/slack-files2/avatars/2016-09-04/76172769749_b86a574bcbabd8c90b3d_230.png",
    "image_original": "https://s3-us-west-2.amazonaws.com/slack-files2/avatars/2016-09-04/76172769749_b86a574bcbabd8c90b3d_original.png"
  },
  "teamId": "T284RQWQL"
}
2016-09-09T08:27:54.561Z - info: UPDATE_TEAM_THEME : {
  "theme": {
    "column_bg": "#4D394B",
    "menu_bg": "#3E313C",
    "active_item": "#4C9689",
    "active_item_text": "#FFFFFF",
    "hover_item": "#3E313C",
    "text_color": "#FFFFFF",
    "active_presence": "#38978D",
    "badge": "#EB4D5C"
  },
  "teamId": "T284RQWQL"
}
2016-09-09T08:27:55.598Z - info: UPDATE_UNREADS_INFO : {
  "unreads": 0,
  "unreadHighlights": 0,
  "showBullet": true,
  "teamId": "T284RQWQL"
}
2016-09-09T08:27:58.522Z - info: Failed to get messages from webapp: Failed to fetch recent messages
2016-09-09T08:27:59.641Z - info: Failed to get messages from webapp: Failed to fetch recent messages
2016-09-09T08:28:04.553Z - info: Failed to get messages from webapp: Failed to fetch recent messages
2016-09-09T08:28:10.043Z - info: UPDATE_UNREADS_INFO : {
  "unreads": 1,
  "unreadHighlights": 1,
  "showBullet": true,
  "teamId": "T284RQWQL"
}
2016-09-09T08:28:17.183Z - info: Unloading spellchecker
2016-09-09T08:28:17.382Z - info: UPDATE_UNREADS_INFO : {
  "unreads": 0,
  "unreadHighlights": 0,
  "showBullet": true,
  "teamId": "T284RQWQL"
}
2016-09-09T08:28:17.524Z - info: Unloading spellchecker
2016-09-09T08:28:28.437Z - info: Unloading spellchecker
2016-09-09T08:28:28.678Z - info: Unloading spellchecker
2016-09-09T08:28:36.423Z - info: Unloading spellchecker
2016-09-09T08:28:36.682Z - info: Unloading spellchecker
2016-09-09T08:29:23.213Z - info: UPDATE_UNREADS_INFO : {
  "unreads": 1,
  "unreadHighlights": 1,
  "showBullet": true,
  "teamId": "T284RQWQL"
}
2016-09-09T08:30:16.459Z - info: Failed to get messages from webapp: Failed to fetch recent messages
2016-09-09T08:31:29.920Z - info: Unloading spellchecker
2016-09-09T08:31:31.705Z - info: Unloading spellchecker
2016-09-09T08:50:59.202Z - info: UPDATE_TEAM_ICONS : {
  "icons": {
    "image_34": "https://s3-us-west-2.amazonaws.com/slack-files2/avatars/2016-09-04/76172769749_b86a574bcbabd8c90b3d_34.png",
    "image_44": "https://s3-us-west-2.amazonaws.com/slack-files2/avatars/2016-09-04/76172769749_b86a574bcbabd8c90b3d_44.png",
    "image_68": "https://s3-us-west-2.amazonaws.com/slack-files2/avatars/2016-09-04/76172769749_b86a574bcbabd8c90b3d_68.png",
    "image_88": "https://s3-us-west-2.amazonaws.com/slack-files2/avatars/2016-09-04/76172769749_b86a574bcbabd8c90b3d_88.png",
    "image_102": "https://s3-us-west-2.amazonaws.com/slack-files2/avatars/2016-09-04/76172769749_b86a574bcbabd8c90b3d_102.png",
    "image_132": "https://s3-us-west-2.amazonaws.com/slack-files2/avatars/2016-09-04/76172769749_b86a574bcbabd8c90b3d_132.png",
    "image_230": "https://s3-us-west-2.amazonaws.com/slack-files2/avatars/2016-09-04/76172769749_b86a574bcbabd8c90b3d_230.png",
    "image_original": "https://s3-us-west-2.amazonaws.com/slack-files2/avatars/2016-09-04/76172769749_b86a574bcbabd8c90b3d_original.png"
  },
  "teamId": "T284RQWQL"
}
2016-09-09T08:50:59.728Z - info: UPDATE_UNREADS_INFO : {
  "unreads": 1,
  "unreadHighlights": 1,
  "showBullet": true,
  "teamId": "T284RQWQL"
}
2016-09-09T08:56:31.127Z - info: Unloading spellchecker
2016-09-09T08:56:33.194Z - info: Raw Locale list: ["C","POSIX","sv_SE.utf8",""]
2016-09-09T08:56:33.195Z - info: Filtered Locale list: ["sv_SE"]
2016-09-09T08:56:33.195Z - info: Counts: {"sv":["sv_SE"]}
2016-09-09T08:56:33.196Z - info: Setting sv
2016-09-09T08:56:33.196Z - info: Result: {"sv":"sv-SE"}
2016-09-09T08:56:33.200Z - info: Requesting to load en-US, alternatives are ["en-US","en-US","en-US"]
2016-09-09T08:56:33.204Z - info: Loading dictionary for language en-US
2016-09-09T08:56:33.205Z - info: Returning local copy: /home/haxxel/.config/Slack/dictionaries/en-US.bdic
2016-09-09T08:56:33.269Z - info: Setting current spellchecker to en-US, requested language was en-US
2016-09-09T08:56:33.270Z - info: Creating node-spellchecker instance
2016-09-09T08:56:33.283Z - info: Actually installing spell check provider to Electron
2016-09-09T08:56:38.893Z - info: UPDATE_UNREADS_INFO : {
  "unreads": 1,
  "unreadHighlights": 1,
  "showBullet": true,
  "teamId": "T284RQWQL"
}
2016-09-09T08:56:38.923Z - info: UPDATE_UNREADS_INFO : {
  "unreads": 0,
  "unreadHighlights": 0,
  "showBullet": true,
  "teamId": "T284RQWQL"
}
2016-09-09T08:56:51.125Z - info: Unloading spellchecker
2016-09-09T08:56:51.152Z - info: Restoring spellchecker
2016-09-09T08:56:51.155Z - info: Loading dictionary for language en-US
2016-09-09T08:56:51.155Z - info: Returning local copy: /home/haxxel/.config/Slack/dictionaries/en-US.bdic
2016-09-09T08:56:51.160Z - info: Setting current spellchecker to en-US, requested language was en-US
2016-09-09T08:56:51.160Z - info: Creating node-spellchecker instance
2016-09-09T08:56:51.162Z - info: Actually installing spell check provider to Electron
2016-09-09T08:56:51.248Z - info: Unloading spellchecker
2016-09-09T09:28:26.693Z - info: UPDATE_UNREADS_INFO : {
  "unreads": 1,
  "unreadHighlights": 0,
  "showBullet": true,
  "teamId": "T284RQWQL"
}
2016-09-09T09:39:49.100Z - info: Restoring spellchecker
2016-09-09T09:39:49.116Z - info: Loading dictionary for language en-US
2016-09-09T09:39:49.116Z - info: Returning local copy: /home/haxxel/.config/Slack/dictionaries/en-US.bdic
2016-09-09T09:39:49.122Z - info: Setting current spellchecker to en-US, requested language was en-US
2016-09-09T09:39:49.123Z - info: Creating node-spellchecker instance
2016-09-09T09:39:49.125Z - info: Actually installing spell check provider to Electron
2016-09-09T09:39:54.294Z - info: Requesting to load sv-SE, alternatives are ["sv-SE","sv-SE","sv-SE"]
2016-09-09T09:39:54.295Z - info: Loading dictionary for language sv-SE
2016-09-09T09:39:54.295Z - info: Returning local copy: /home/haxxel/.config/Slack/dictionaries/sv-SE.bdic
2016-09-09T09:39:54.333Z - info: Setting current spellchecker to sv-SE, requested language was sv-SE
2016-09-09T09:39:54.333Z - info: Creating node-spellchecker instance
2016-09-09T09:39:54.337Z - info: Actually installing spell check provider to Electron
2016-09-09T09:39:55.730Z - info: UPDATE_UNREADS_INFO : {
  "unreads": 0,
  "unreadHighlights": 0,
  "showBullet": true,
  "teamId": "T284RQWQL"
}
2016-09-09T09:40:13.530Z - info: Unloading spellchecker
2016-09-09T09:40:14.626Z - info: Restoring spellchecker
2016-09-09T09:40:14.648Z - info: Loading dictionary for language sv-SE
2016-09-09T09:40:14.651Z - info: Returning local copy: /home/haxxel/.config/Slack/dictionaries/sv-SE.bdic
2016-09-09T09:40:14.666Z - info: Setting current spellchecker to sv-SE, requested language was sv-SE
2016-09-09T09:40:14.667Z - info: Creating node-spellchecker instance
2016-09-09T09:40:14.673Z - info: Actually installing spell check provider to Electron
2016-09-09T09:40:15.034Z - info: Unloading spellchecker
2016-09-09T09:40:15.270Z - info: Restoring spellchecker
2016-09-09T09:40:15.273Z - info: Loading dictionary for language sv-SE
2016-09-09T09:40:15.273Z - info: Returning local copy: /home/haxxel/.config/Slack/dictionaries/sv-SE.bdic
2016-09-09T09:40:15.282Z - info: Setting current spellchecker to sv-SE, requested language was sv-SE
2016-09-09T09:40:15.283Z - info: Creating node-spellchecker instance
2016-09-09T09:40:15.293Z - info: Actually installing spell check provider to Electron
2016-09-09T09:40:15.442Z - info: Unloading spellchecker
2016-09-09T09:40:15.672Z - info: Restoring spellchecker
2016-09-09T09:40:15.673Z - info: Loading dictionary for language sv-SE
2016-09-09T09:40:15.674Z - info: Returning local copy: /home/haxxel/.config/Slack/dictionaries/sv-SE.bdic
2016-09-09T09:40:15.678Z - info: Setting current spellchecker to sv-SE, requested language was sv-SE
2016-09-09T09:40:15.678Z - info: Creating node-spellchecker instance
2016-09-09T09:40:15.680Z - info: Actually installing spell check provider to Electron
2016-09-09T09:40:15.776Z - info: Unloading spellchecker
2016-09-09T09:40:15.936Z - info: Restoring spellchecker
2016-09-09T09:40:15.938Z - info: Loading dictionary for language sv-SE
2016-09-09T09:40:15.939Z - info: Returning local copy: /home/haxxel/.config/Slack/dictionaries/sv-SE.bdic
2016-09-09T09:40:15.946Z - info: Setting current spellchecker to sv-SE, requested language was sv-SE
2016-09-09T09:40:15.946Z - info: Creating node-spellchecker instance
2016-09-09T09:40:15.949Z - info: Actually installing spell check provider to Electron
2016-09-09T09:40:16.106Z - info: Unloading spellchecker
2016-09-09T09:40:16.258Z - info: Restoring spellchecker
2016-09-09T09:40:16.293Z - info: Loading dictionary for language sv-SE
2016-09-09T09:40:16.295Z - info: Returning local copy: /home/haxxel/.config/Slack/dictionaries/sv-SE.bdic
2016-09-09T09:40:16.306Z - info: Setting current spellchecker to sv-SE, requested language was sv-SE
2016-09-09T09:40:16.306Z - info: Creating node-spellchecker instance
2016-09-09T09:40:16.309Z - info: Actually installing spell check provider to Electron
2016-09-09T09:40:16.371Z - info: Unloading spellchecker
2016-09-09T09:40:16.547Z - info: Restoring spellchecker
2016-09-09T09:40:16.549Z - info: Loading dictionary for language sv-SE
2016-09-09T09:40:16.549Z - info: Returning local copy: /home/haxxel/.config/Slack/dictionaries/sv-SE.bdic
2016-09-09T09:40:16.558Z - info: Setting current spellchecker to sv-SE, requested language was sv-SE
2016-09-09T09:40:16.558Z - info: Creating node-spellchecker instance
2016-09-09T09:40:16.560Z - info: Actually installing spell check provider to Electron
2016-09-09T09:40:55.836Z - info: Unloading spellchecker
2016-09-09T11:14:13.911Z - info: Restoring spellchecker
2016-09-09T11:14:13.914Z - info: Loading dictionary for language sv-SE
2016-09-09T11:14:13.915Z - info: Returning local copy: /home/haxxel/.config/Slack/dictionaries/sv-SE.bdic
2016-09-09T11:14:13.922Z - info: Setting current spellchecker to sv-SE, requested language was sv-SE
2016-09-09T11:14:13.923Z - info: Creating node-spellchecker instance
2016-09-09T11:14:13.926Z - info: Actually installing spell check provider to Electron
2016-09-09T11:14:14.513Z - info: Unloading spellchecker
2016-09-09T11:25:07.385Z - info: UPDATE_TEAM_ICONS : {
  "icons": {
    "image_34": "https://s3-us-west-2.amazonaws.com/slack-files2/avatars/2016-09-04/76172769749_b86a574bcbabd8c90b3d_34.png",
    "image_44": "https://s3-us-west-2.amazonaws.com/slack-files2/avatars/2016-09-04/76172769749_b86a574bcbabd8c90b3d_44.png",
    "image_68": "https://s3-us-west-2.amazonaws.com/slack-files2/avatars/2016-09-04/76172769749_b86a574bcbabd8c90b3d_68.png",
    "image_88": "https://s3-us-west-2.amazonaws.com/slack-files2/avatars/2016-09-04/76172769749_b86a574bcbabd8c90b3d_88.png",
    "image_102": "https://s3-us-west-2.amazonaws.com/slack-files2/avatars/2016-09-04/76172769749_b86a574bcbabd8c90b3d_102.png",
    "image_132": "https://s3-us-west-2.amazonaws.com/slack-files2/avatars/2016-09-04/76172769749_b86a574bcbabd8c90b3d_132.png",
    "image_230": "https://s3-us-west-2.amazonaws.com/slack-files2/avatars/2016-09-04/76172769749_b86a574bcbabd8c90b3d_230.png",
    "image_original": "https://s3-us-west-2.amazonaws.com/slack-files2/avatars/2016-09-04/76172769749_b86a574bcbabd8c90b3d_original.png"
  },
  "teamId": "T284RQWQL"
}
2016-09-09T11:28:04.829Z - info: Restoring spellchecker
2016-09-09T11:28:04.834Z - info: Loading dictionary for language sv-SE
2016-09-09T11:28:04.835Z - info: Returning local copy: /home/haxxel/.config/Slack/dictionaries/sv-SE.bdic
2016-09-09T11:28:04.843Z - info: Setting current spellchecker to sv-SE, requested language was sv-SE
2016-09-09T11:28:04.843Z - info: Creating node-spellchecker instance
2016-09-09T11:28:04.846Z - info: Actually installing spell check provider to Electron
2016-09-09T11:28:05.856Z - info: Unloading spellchecker
2016-09-09T15:10:21.370Z - info: UPDATE_TEAM_ICONS : {
  "icons": {
    "image_34": "https://s3-us-west-2.amazonaws.com/slack-files2/avatars/2016-09-04/76172769749_b86a574bcbabd8c90b3d_34.png",
    "image_44": "https://s3-us-west-2.amazonaws.com/slack-files2/avatars/2016-09-04/76172769749_b86a574bcbabd8c90b3d_44.png",
    "image_68": "https://s3-us-west-2.amazonaws.com/slack-files2/avatars/2016-09-04/76172769749_b86a574bcbabd8c90b3d_68.png",
    "image_88": "https://s3-us-west-2.amazonaws.com/slack-files2/avatars/2016-09-04/76172769749_b86a574bcbabd8c90b3d_88.png",
    "image_102": "https://s3-us-west-2.amazonaws.com/slack-files2/avatars/2016-09-04/76172769749_b86a574bcbabd8c90b3d_102.png",
    "image_132": "https://s3-us-west-2.amazonaws.com/slack-files2/avatars/2016-09-04/76172769749_b86a574bcbabd8c90b3d_132.png",
    "image_230": "https://s3-us-west-2.amazonaws.com/slack-files2/avatars/2016-09-04/76172769749_b86a574bcbabd8c90b3d_230.png",
    "image_original": "https://s3-us-west-2.amazonaws.com/slack-files2/avatars/2016-09-04/76172769749_b86a574bcbabd8c90b3d_original.png"
  },
  "teamId": "T284RQWQL"
}
2016-09-09T15:10:21.882Z - info: UPDATE_UNREADS_INFO : {
  "unreads": 0,
  "unreadHighlights": 0,
  "showBullet": true,
  "teamId": "T284RQWQL"
}
2016-09-09T15:10:21.889Z - info: UPDATE_UNREADS_INFO : {
  "unreads": 0,
  "unreadHighlights": 0,
  "showBullet": true,
  "teamId": "T284RQWQL"
}
2016-09-09T15:10:22.133Z - info: Restoring spellchecker
2016-09-09T15:10:22.149Z - info: Loading dictionary for language sv-SE
2016-09-09T15:10:22.150Z - info: Returning local copy: /home/haxxel/.config/Slack/dictionaries/sv-SE.bdic
2016-09-09T15:10:22.210Z - info: Setting current spellchecker to sv-SE, requested language was sv-SE
2016-09-09T15:10:22.217Z - info: Creating node-spellchecker instance
2016-09-09T15:10:22.239Z - info: Actually installing spell check provider to Electron
2016-09-09T15:10:22.262Z - info: Unloading spellchecker
2016-09-09T15:10:22.334Z - info: Restoring spellchecker
2016-09-09T15:10:22.336Z - info: Loading dictionary for language sv-SE
2016-09-09T15:10:22.336Z - info: Returning local copy: /home/haxxel/.config/Slack/dictionaries/sv-SE.bdic
2016-09-09T15:10:22.344Z - info: Setting current spellchecker to sv-SE, requested language was sv-SE
2016-09-09T15:10:22.344Z - info: Creating node-spellchecker instance
2016-09-09T15:10:22.346Z - info: Actually installing spell check provider to Electron
2016-09-09T15:10:22.727Z - info: UPDATE_UNREADS_INFO : {
  "unreads": 2,
  "unreadHighlights": 0,
  "showBullet": true,
  "teamId": "T284RQWQL"
}
2016-09-09T15:10:23.270Z - info: UPDATE_UNREADS_INFO : {
  "unreads": 9,
  "unreadHighlights": 0,
  "showBullet": true,
  "teamId": "T284RQWQL"
}
2016-09-09T15:10:23.467Z - info: UPDATE_UNREADS_INFO : {
  "unreads": 8,
  "unreadHighlights": 0,
  "showBullet": true,
  "teamId": "T284RQWQL"
}
2016-09-09T15:10:28.287Z - info: Loading dictionary for language sv-SE
2016-09-09T15:10:28.288Z - info: Returning local copy: /home/haxxel/.config/Slack/dictionaries/sv-SE.bdic
2016-09-09T15:10:28.360Z - info: UPDATE_UNREADS_INFO : {
  "unreads": 0,
  "unreadHighlights": 0,
  "showBullet": true,
  "teamId": "T284RQWQL"
}
2016-09-09T15:10:28.531Z - info: Setting current spellchecker to sv-SE, requested language was sv-SE
2016-09-09T15:11:26.204Z - info: Unloading spellchecker
2016-09-09T15:21:44.783Z - info: Restoring spellchecker
2016-09-09T15:21:44.853Z - info: Loading dictionary for language sv-SE
2016-09-09T15:21:44.861Z - info: Returning local copy: /home/haxxel/.config/Slack/dictionaries/sv-SE.bdic
2016-09-09T15:21:44.977Z - info: Setting current spellchecker to sv-SE, requested language was sv-SE
2016-09-09T15:21:44.977Z - info: Creating node-spellchecker instance
2016-09-09T15:21:45.138Z - info: Actually installing spell check provider to Electron
2016-09-09T15:21:46.459Z - info: Unloading spellchecker
2016-09-09T15:21:50.587Z - info: Restoring spellchecker
2016-09-09T15:21:50.595Z - info: Loading dictionary for language sv-SE
2016-09-09T15:21:50.595Z - info: Returning local copy: /home/haxxel/.config/Slack/dictionaries/sv-SE.bdic
2016-09-09T15:21:50.627Z - info: Setting current spellchecker to sv-SE, requested language was sv-SE
2016-09-09T15:21:50.627Z - info: Creating node-spellchecker instance
2016-09-09T15:21:50.639Z - info: Actually installing spell check provider to Electron
2016-09-09T15:21:52.690Z - info: Unloading spellchecker
2016-09-09T15:23:01.707Z - info: Restoring spellchecker
2016-09-09T15:23:01.719Z - info: Loading dictionary for language sv-SE
2016-09-09T15:23:01.726Z - info: Returning local copy: /home/haxxel/.config/Slack/dictionaries/sv-SE.bdic
2016-09-09T15:23:01.902Z - info: Setting current spellchecker to sv-SE, requested language was sv-SE
2016-09-09T15:23:01.902Z - info: Creating node-spellchecker instance
2016-09-09T15:23:01.904Z - info: Actually installing spell check provider to Electron
2016-09-09T15:23:07.587Z - info: Unloading spellchecker
