2016-09-08T11:53:30.295Z - info: Window is unloading, winssb is no longer accessible
2016-09-08T11:53:51.935Z - info: Unloading spellchecker
2016-09-08T11:53:55.172Z - info: Unloading spellchecker
2016-09-08T11:55:39.600Z - info: Window is unloading, winssb is no longer accessible
2016-09-08T11:56:59.389Z - info: Window is unloading, winssb is no longer accessible
2016-09-08T12:00:28.622Z - info: Window is unloading, winssb is no longer accessible
2016-09-08T12:00:44.926Z - info: Window is unloading, winssb is no longer accessible
2016-09-08T12:01:17.775Z - info: Window is unloading, winssb is no longer accessible
2016-09-08T12:03:27.020Z - info: Window is unloading, winssb is no longer accessible
2016-09-08T12:03:57.635Z - info: Window is unloading, winssb is no longer accessible
2016-09-08T12:04:13.617Z - info: Window is unloading, winssb is no longer accessible
2016-09-08T12:05:36.178Z - info: Window is unloading, winssb is no longer accessible
2016-09-08T12:06:06.727Z - info: Window is unloading, winssb is no longer accessible
2016-09-08T12:06:22.265Z - info: Window is unloading, winssb is no longer accessible
2016-09-08T12:07:26.531Z - info: Window is unloading, winssb is no longer accessible
2016-09-08T12:07:45.157Z - info: Window is unloading, winssb is no longer accessible
2016-09-08T12:08:15.575Z - info: Window is unloading, winssb is no longer accessible
2016-09-08T12:08:31.418Z - info: Window is unloading, winssb is no longer accessible
2016-09-08T12:09:35.359Z - info: Window is unloading, winssb is no longer accessible
2016-09-08T12:09:54.212Z - info: Window is unloading, winssb is no longer accessible
2016-09-08T12:10:23.061Z - info: Window is unloading, winssb is no longer accessible
2016-09-08T12:10:24.500Z - info: Window is unloading, winssb is no longer accessible
2016-09-08T12:10:40.339Z - info: Window is unloading, winssb is no longer accessible
2016-09-08T12:12:03.290Z - info: Window is unloading, winssb is no longer accessible
2016-09-08T12:12:33.498Z - info: Window is unloading, winssb is no longer accessible
2016-09-08T12:12:49.154Z - info: Window is unloading, winssb is no longer accessible
2016-09-08T12:13:51.975Z - info: Window is unloading, winssb is no longer accessible
2016-09-08T12:14:12.350Z - info: Window is unloading, winssb is no longer accessible
2016-09-08T12:14:42.427Z - info: Window is unloading, winssb is no longer accessible
2016-09-08T12:14:58.001Z - info: Window is unloading, winssb is no longer accessible
2016-09-08T12:16:00.831Z - info: Window is unloading, winssb is no longer accessible
2016-09-08T12:16:21.356Z - info: Window is unloading, winssb is no longer accessible
2016-09-08T12:16:51.196Z - info: Window is unloading, winssb is no longer accessible
2016-09-08T12:17:06.771Z - info: Window is unloading, winssb is no longer accessible
2016-09-08T12:17:40.412Z - info: Window is unloading, winssb is no longer accessible
2016-09-08T12:18:09.685Z - info: Window is unloading, winssb is no longer accessible
2016-09-08T12:18:30.191Z - info: Window is unloading, winssb is no longer accessible
2016-09-08T12:19:00.136Z - info: Window is unloading, winssb is no longer accessible
2016-09-08T12:19:15.802Z - info: Window is unloading, winssb is no longer accessible
2016-09-08T12:19:49.490Z - info: Window is unloading, winssb is no longer accessible
2016-09-08T12:20:18.526Z - info: Window is unloading, winssb is no longer accessible
2016-09-08T12:20:38.981Z - info: Window is unloading, winssb is no longer accessible
2016-09-08T12:21:09.159Z - info: Window is unloading, winssb is no longer accessible
2016-09-08T12:21:24.796Z - info: Window is unloading, winssb is no longer accessible
2016-09-08T12:21:58.615Z - info: Window is unloading, winssb is no longer accessible
2016-09-08T12:22:27.404Z - info: Window is unloading, winssb is no longer accessible
2016-09-08T12:22:47.836Z - info: Window is unloading, winssb is no longer accessible
2016-09-08T12:23:18.082Z - info: Window is unloading, winssb is no longer accessible
2016-09-08T12:23:33.721Z - info: Window is unloading, winssb is no longer accessible
2016-09-08T12:24:07.617Z - info: Window is unloading, winssb is no longer accessible
2016-09-08T12:24:36.243Z - info: Window is unloading, winssb is no longer accessible
2016-09-08T12:25:27.142Z - info: Window is unloading, winssb is no longer accessible
2016-09-08T12:25:42.681Z - info: Window is unloading, winssb is no longer accessible
2016-09-08T12:26:16.865Z - info: Window is unloading, winssb is no longer accessible
2016-09-08T12:26:45.125Z - info: Window is unloading, winssb is no longer accessible
2016-09-08T12:27:36.142Z - info: Window is unloading, winssb is no longer accessible
2016-09-08T12:27:51.524Z - info: Window is unloading, winssb is no longer accessible
2016-09-08T12:28:26.030Z - info: Window is unloading, winssb is no longer accessible
2016-09-08T12:28:39.154Z - info: Window is unloading, winssb is no longer accessible
2016-09-08T12:28:54.162Z - info: Window is unloading, winssb is no longer accessible
2016-09-08T12:28:55.877Z - info: Window is unloading, winssb is no longer accessible
2016-09-08T12:29:45.030Z - info: Window is unloading, winssb is no longer accessible
2016-09-08T12:30:35.094Z - info: Window is unloading, winssb is no longer accessible
2016-09-08T12:31:03.026Z - info: Window is unloading, winssb is no longer accessible
2016-09-08T12:31:04.525Z - info: Window is unloading, winssb is no longer accessible
2016-09-08T12:31:53.585Z - info: Window is unloading, winssb is no longer accessible
2016-09-08T12:32:08.523Z - info: Window is unloading, winssb is no longer accessible
2016-09-08T12:32:44.122Z - info: Window is unloading, winssb is no longer accessible
2016-09-08T12:33:11.859Z - info: Window is unloading, winssb is no longer accessible
2016-09-08T12:34:02.227Z - info: Window is unloading, winssb is no longer accessible
2016-09-08T12:34:08.136Z - info: Unloading spellchecker
2016-09-08T12:34:17.550Z - info: Window is unloading, winssb is no longer accessible
2016-09-08T12:34:53.146Z - info: Window is unloading, winssb is no longer accessible
2016-09-08T12:35:20.913Z - info: Window is unloading, winssb is no longer accessible
2016-09-08T12:35:40.198Z - info: Window is unloading, winssb is no longer accessible
2016-09-08T12:36:10.868Z - info: Window is unloading, winssb is no longer accessible
2016-09-08T12:36:26.584Z - info: Window is unloading, winssb is no longer accessible
2016-09-08T12:37:02.164Z - info: Window is unloading, winssb is no longer accessible
2016-09-08T12:37:30.152Z - info: Window is unloading, winssb is no longer accessible
2016-09-08T12:37:48.767Z - info: Window is unloading, winssb is no longer accessible
2016-09-08T12:38:19.568Z - info: Window is unloading, winssb is no longer accessible
2016-09-08T12:38:35.690Z - info: Window is unloading, winssb is no longer accessible
2016-09-08T12:39:11.250Z - info: Window is unloading, winssb is no longer accessible
2016-09-08T12:39:39.356Z - info: Window is unloading, winssb is no longer accessible
2016-09-08T12:39:57.408Z - info: Window is unloading, winssb is no longer accessible
2016-09-08T12:41:20.250Z - info: Window is unloading, winssb is no longer accessible
2016-09-08T12:41:48.433Z - info: Window is unloading, winssb is no longer accessible
2016-09-08T12:42:06.305Z - info: Window is unloading, winssb is no longer accessible
2016-09-08T12:42:35.858Z - info: Window is unloading, winssb is no longer accessible
2016-09-08T12:42:37.001Z - info: Window is unloading, winssb is no longer accessible
2016-09-08T12:42:53.562Z - info: Window is unloading, winssb is no longer accessible
2016-09-08T12:42:53.961Z - info: Window is unloading, winssb is no longer accessible
2016-09-08T12:44:45.809Z - info: Window is unloading, winssb is no longer accessible
2016-09-08T12:44:49.026Z - info: Window is unloading, winssb is no longer accessible
2016-09-08T12:45:02.915Z - info: Window is unloading, winssb is no longer accessible
2016-09-08T12:45:37.950Z - info: Window is unloading, winssb is no longer accessible
2016-09-08T12:46:04.952Z - info: Window is unloading, winssb is no longer accessible
2016-09-08T12:46:22.540Z - info: Window is unloading, winssb is no longer accessible
2016-09-08T12:46:54.636Z - info: Window is unloading, winssb is no longer accessible
2016-09-08T12:46:57.683Z - info: Window is unloading, winssb is no longer accessible
2016-09-08T12:47:11.966Z - info: Window is unloading, winssb is no longer accessible
2016-09-08T12:47:46.761Z - info: Window is unloading, winssb is no longer accessible
2016-09-08T12:48:14.055Z - info: Window is unloading, winssb is no longer accessible
2016-09-08T12:48:31.324Z - info: Window is unloading, winssb is no longer accessible
2016-09-08T12:49:03.486Z - info: Window is unloading, winssb is no longer accessible
2016-09-08T12:49:06.322Z - info: Window is unloading, winssb is no longer accessible
2016-09-08T12:49:21.243Z - info: Window is unloading, winssb is no longer accessible
2016-09-08T12:49:53.618Z - info: Window is unloading, winssb is no longer accessible
2016-09-08T12:49:55.589Z - info: Window is unloading, winssb is no longer accessible
2016-09-08T12:50:23.050Z - info: Window is unloading, winssb is no longer accessible
2016-09-08T12:50:40.130Z - info: Window is unloading, winssb is no longer accessible
2016-09-08T12:50:42.889Z - info: Window is unloading, winssb is no longer accessible
2016-09-08T12:51:12.332Z - info: Window is unloading, winssb is no longer accessible
2016-09-08T12:51:30.127Z - info: Window is unloading, winssb is no longer accessible
2016-09-08T12:52:31.912Z - info: Window is unloading, winssb is no longer accessible
2016-09-08T12:52:48.997Z - info: Window is unloading, winssb is no longer accessible
2016-09-08T12:53:21.230Z - info: Window is unloading, winssb is no longer accessible
2016-09-08T12:53:38.969Z - info: Window is unloading, winssb is no longer accessible
2016-09-08T12:54:11.592Z - info: Window is unloading, winssb is no longer accessible
2016-09-08T12:54:57.873Z - info: Window is unloading, winssb is no longer accessible
2016-09-08T12:55:30.103Z - info: Window is unloading, winssb is no longer accessible
2016-09-08T12:55:47.811Z - info: Window is unloading, winssb is no longer accessible
2016-09-08T12:56:00.610Z - info: Window is unloading, winssb is no longer accessible
2016-09-08T12:56:20.475Z - info: Window is unloading, winssb is no longer accessible
2016-09-08T12:56:49.554Z - info: Window is unloading, winssb is no longer accessible
2016-09-08T12:57:06.786Z - info: Window is unloading, winssb is no longer accessible
2016-09-08T12:57:38.973Z - info: Window is unloading, winssb is no longer accessible
2016-09-08T12:57:56.679Z - info: Window is unloading, winssb is no longer accessible
2016-09-08T12:58:09.254Z - info: Window is unloading, winssb is no longer accessible
2016-09-08T12:58:29.331Z - info: Window is unloading, winssb is no longer accessible
2016-09-08T12:58:58.420Z - info: Window is unloading, winssb is no longer accessible
2016-09-08T12:59:15.597Z - info: Window is unloading, winssb is no longer accessible
2016-09-08T12:59:47.779Z - info: Window is unloading, winssb is no longer accessible
2016-09-08T13:00:05.506Z - info: Window is unloading, winssb is no longer accessible
2016-09-08T13:00:17.921Z - info: Window is unloading, winssb is no longer accessible
2016-09-08T13:00:38.121Z - info: Window is unloading, winssb is no longer accessible
2016-09-08T13:01:07.186Z - info: Window is unloading, winssb is no longer accessible
2016-09-08T13:01:24.300Z - info: Window is unloading, winssb is no longer accessible
2016-09-08T13:01:56.485Z - info: Window is unloading, winssb is no longer accessible
2016-09-08T13:02:14.371Z - info: Window is unloading, winssb is no longer accessible
2016-09-08T13:02:26.553Z - info: Window is unloading, winssb is no longer accessible
2016-09-08T13:02:46.974Z - info: Window is unloading, winssb is no longer accessible
2016-09-08T13:03:16.037Z - info: Window is unloading, winssb is no longer accessible
2016-09-08T13:03:33.096Z - info: Window is unloading, winssb is no longer accessible
2016-09-08T13:04:05.302Z - info: Window is unloading, winssb is no longer accessible
2016-09-08T13:04:23.218Z - info: Window is unloading, winssb is no longer accessible
2016-09-08T13:04:35.173Z - info: Window is unloading, winssb is no longer accessible
2016-09-08T13:04:55.675Z - info: Window is unloading, winssb is no longer accessible
2016-09-08T13:05:24.944Z - info: Window is unloading, winssb is no longer accessible
2016-09-08T13:05:42.043Z - info: Window is unloading, winssb is no longer accessible
2016-09-08T13:06:14.164Z - info: Window is unloading, winssb is no longer accessible
2016-09-08T13:06:32.104Z - info: Window is unloading, winssb is no longer accessible
2016-09-08T13:06:43.838Z - info: Window is unloading, winssb is no longer accessible
2016-09-08T13:07:04.510Z - info: Window is unloading, winssb is no longer accessible
2016-09-08T13:07:33.786Z - info: Window is unloading, winssb is no longer accessible
2016-09-08T13:07:50.836Z - info: Window is unloading, winssb is no longer accessible
2016-09-08T13:08:21.454Z - info: Window is unloading, winssb is no longer accessible
2016-09-08T13:08:23.037Z - info: Window is unloading, winssb is no longer accessible
2016-09-08T13:08:40.942Z - info: Window is unloading, winssb is no longer accessible
2016-09-08T13:08:52.477Z - info: Window is unloading, winssb is no longer accessible
2016-09-08T13:09:10.306Z - info: Window is unloading, winssb is no longer accessible
2016-09-08T13:09:13.377Z - info: Window is unloading, winssb is no longer accessible
2016-09-08T13:09:59.474Z - info: Window is unloading, winssb is no longer accessible
2016-09-08T13:10:49.781Z - info: Window is unloading, winssb is no longer accessible
2016-09-08T13:11:01.099Z - info: Window is unloading, winssb is no longer accessible
2016-09-08T13:11:22.213Z - info: Window is unloading, winssb is no longer accessible
2016-09-08T13:11:50.497Z - info: Window is unloading, winssb is no longer accessible
2016-09-08T13:12:08.173Z - info: Window is unloading, winssb is no longer accessible
2016-09-08T13:12:58.645Z - info: Window is unloading, winssb is no longer accessible
2016-09-08T13:13:09.725Z - info: Window is unloading, winssb is no longer accessible
2016-09-08T13:13:31.073Z - info: Window is unloading, winssb is no longer accessible
2016-09-08T13:13:59.596Z - info: Window is unloading, winssb is no longer accessible
2016-09-08T13:14:16.816Z - info: Window is unloading, winssb is no longer accessible
2016-09-08T13:15:07.711Z - info: Window is unloading, winssb is no longer accessible
2016-09-08T13:15:18.379Z - info: Window is unloading, winssb is no longer accessible
2016-09-08T13:15:39.922Z - info: Window is unloading, winssb is no longer accessible
2016-09-08T13:16:08.568Z - info: Window is unloading, winssb is no longer accessible
2016-09-08T13:16:25.615Z - info: Window is unloading, winssb is no longer accessible
2016-09-08T13:17:16.572Z - info: Window is unloading, winssb is no longer accessible
2016-09-08T13:17:27.009Z - info: Window is unloading, winssb is no longer accessible
2016-09-08T13:17:48.767Z - info: Window is unloading, winssb is no longer accessible
2016-09-08T13:18:17.365Z - info: Window is unloading, winssb is no longer accessible
2016-09-08T13:18:34.212Z - info: Window is unloading, winssb is no longer accessible
2016-09-08T13:18:36.063Z - info: Window is unloading, winssb is no longer accessible
2016-09-08T13:19:25.422Z - info: Window is unloading, winssb is no longer accessible
2016-09-08T13:19:35.654Z - info: Window is unloading, winssb is no longer accessible
2016-09-08T13:20:26.098Z - info: Window is unloading, winssb is no longer accessible
2016-09-08T13:20:42.855Z - info: Window is unloading, winssb is no longer accessible
2016-09-08T13:21:34.259Z - info: Window is unloading, winssb is no longer accessible
2016-09-08T13:21:44.293Z - info: Window is unloading, winssb is no longer accessible
2016-09-08T13:22:04.948Z - info: Window is unloading, winssb is no longer accessible
2016-09-08T13:22:34.956Z - info: Window is unloading, winssb is no longer accessible
2016-09-08T13:22:51.495Z - info: Window is unloading, winssb is no longer accessible
2016-09-08T13:22:52.281Z - info: Window is unloading, winssb is no longer accessible
2016-09-08T13:23:43.142Z - info: Window is unloading, winssb is no longer accessible
2016-09-08T13:23:52.923Z - info: Window is unloading, winssb is no longer accessible
2016-09-08T13:24:43.828Z - info: Window is unloading, winssb is no longer accessible
2016-09-08T13:25:31.081Z - info: Window is unloading, winssb is no longer accessible
2016-09-08T13:25:52.167Z - info: Window is unloading, winssb is no longer accessible
2016-09-08T13:26:01.565Z - info: Window is unloading, winssb is no longer accessible
2016-09-08T13:26:21.006Z - info: Window is unloading, winssb is no longer accessible
2016-09-08T13:26:52.658Z - info: Window is unloading, winssb is no longer accessible
2016-09-08T13:27:39.708Z - info: Window is unloading, winssb is no longer accessible
2016-09-08T13:27:40.059Z - info: Window is unloading, winssb is no longer accessible
2016-09-08T13:28:01.030Z - info: Window is unloading, winssb is no longer accessible
2016-09-08T13:28:10.195Z - info: Window is unloading, winssb is no longer accessible
2016-09-08T13:28:29.658Z - info: Window is unloading, winssb is no longer accessible
2016-09-08T13:30:09.879Z - info: Window is unloading, winssb is no longer accessible
2016-09-08T13:30:18.821Z - info: Window is unloading, winssb is no longer accessible
2016-09-08T13:30:38.293Z - info: Window is unloading, winssb is no longer accessible
2016-09-08T13:30:57.187Z - info: Window is unloading, winssb is no longer accessible
2016-09-08T13:31:08.806Z - info: Window is unloading, winssb is no longer accessible
2016-09-08T13:32:27.701Z - info: Window is unloading, winssb is no longer accessible
2016-09-08T13:32:44.278Z - info: Window is unloading, winssb is no longer accessible
2016-09-08T13:32:46.932Z - info: Window is unloading, winssb is no longer accessible
2016-09-08T13:33:17.439Z - info: Window is unloading, winssb is no longer accessible
2016-09-08T13:34:26.109Z - info: Window is unloading, winssb is no longer accessible
2016-09-08T13:34:36.548Z - info: Window is unloading, winssb is no longer accessible
2016-09-08T13:34:55.557Z - info: Window is unloading, winssb is no longer accessible
2016-09-08T13:35:26.077Z - info: Window is unloading, winssb is no longer accessible
2016-09-08T13:36:13.207Z - info: Window is unloading, winssb is no longer accessible
2016-09-08T13:36:34.973Z - info: Window is unloading, winssb is no longer accessible
2016-09-08T13:36:45.383Z - info: Window is unloading, winssb is no longer accessible
2016-09-08T13:37:04.216Z - info: Window is unloading, winssb is no longer accessible
2016-09-08T13:37:34.706Z - info: Window is unloading, winssb is no longer accessible
2016-09-08T13:38:36.752Z - info: UPDATE_SEARCH_BOX_SIZE : {
  "newSize": {
    "width": 197
  }
}
2016-09-08T13:38:46.326Z - info: Raw Locale list: ["C","POSIX","sv_SE.utf8",""]
2016-09-08T13:38:46.327Z - info: Filtered Locale list: ["sv_SE"]
2016-09-08T13:38:46.327Z - info: Counts: {"sv":["sv_SE"]}
2016-09-08T13:38:46.327Z - info: Setting sv
2016-09-08T13:38:46.328Z - info: Result: {"sv":"sv-SE"}
2016-09-08T13:38:46.334Z - info: Requesting to load en-US, alternatives are ["en-US","en-US","en-US"]
2016-09-08T13:38:46.340Z - info: Loading dictionary for language en-US
2016-09-08T13:38:46.353Z - info: Actually downloading https://redirector.gvt1.com/edgedl/chrome/dict/en-us-7-1.bdic
2016-09-08T13:38:46.459Z - info: Raw Locale list: ["C","POSIX","sv_SE.utf8",""]
2016-09-08T13:38:46.459Z - info: Filtered Locale list: ["sv_SE"]
2016-09-08T13:38:46.459Z - info: Counts: {"sv":["sv_SE"]}
2016-09-08T13:38:46.459Z - info: Setting sv
2016-09-08T13:38:46.459Z - info: Result: {"sv":"sv-SE"}
2016-09-08T13:38:46.460Z - info: Requesting to load en-US, alternatives are ["en-US","en-US","en-US"]
2016-09-08T13:38:46.460Z - info: Loading dictionary for language en-US
2016-09-08T13:38:46.461Z - info: Actually downloading https://redirector.gvt1.com/edgedl/chrome/dict/en-us-7-1.bdic
2016-09-08T13:38:47.693Z - info: UPDATE_TEAM_THEME : {
  "theme": {
    "column_bg": "#4D5250",
    "menu_bg": "#444A47",
    "active_item": "#D39B46",
    "active_item_text": "#FFFFFF",
    "hover_item": "#434745",
    "text_color": "#FFFFFF",
    "active_presence": "#99D04A",
    "badge": "#DB6668"
  },
  "teamId": "T03GEEQJT"
}
2016-09-08T13:38:47.780Z - info: UPDATE_TEAM_ICONS : {
  "icons": {
    "image_34": "https://s3-us-west-2.amazonaws.com/slack-files2/avatars/2015-10-10/12268136053_28c26614fd9825d8a0c7_34.jpg",
    "image_44": "https://s3-us-west-2.amazonaws.com/slack-files2/avatars/2015-10-10/12268136053_28c26614fd9825d8a0c7_44.jpg",
    "image_68": "https://s3-us-west-2.amazonaws.com/slack-files2/avatars/2015-10-10/12268136053_28c26614fd9825d8a0c7_68.jpg",
    "image_88": "https://s3-us-west-2.amazonaws.com/slack-files2/avatars/2015-10-10/12268136053_28c26614fd9825d8a0c7_88.jpg",
    "image_102": "https://s3-us-west-2.amazonaws.com/slack-files2/avatars/2015-10-10/12268136053_28c26614fd9825d8a0c7_102.jpg",
    "image_132": "https://s3-us-west-2.amazonaws.com/slack-files2/avatars/2015-10-10/12268136053_28c26614fd9825d8a0c7_132.jpg",
    "image_original": "https://s3-us-west-2.amazonaws.com/slack-files2/avatars/2015-10-10/12268136053_28c26614fd9825d8a0c7_original.jpg",
    "image_230": "https://s3-us-west-2.amazonaws.com/slack-files2/avatars/2015-10-10/12268136053_28c26614fd9825d8a0c7_132.jpg"
  },
  "teamId": "T03GEEQJT"
}
2016-09-08T13:38:53.420Z - info: Setting current spellchecker to en-US, requested language was en-US
2016-09-08T13:38:53.420Z - info: Creating node-spellchecker instance
2016-09-08T13:38:53.432Z - info: Actually installing spell check provider to Electron
2016-09-08T13:38:53.436Z - info: Setting current spellchecker to en-US, requested language was en-US
2016-09-08T13:50:31.447Z - info: UPDATE_UNREADS_INFO : {
  "unreads": 1,
  "unreadHighlights": 0,
  "showBullet": true,
  "teamId": "T03GEEQJT"
}
2016-09-08T13:50:37.062Z - info: UPDATE_UNREADS_INFO : {
  "unreads": 2,
  "unreadHighlights": 0,
  "showBullet": true,
  "teamId": "T03GEEQJT"
}
2016-09-08T13:50:43.042Z - info: UPDATE_UNREADS_INFO : {
  "unreads": 3,
  "unreadHighlights": 0,
  "showBullet": true,
  "teamId": "T03GEEQJT"
}
2016-09-08T13:51:15.667Z - info: UPDATE_UNREADS_INFO : {
  "unreads": 4,
  "unreadHighlights": 0,
  "showBullet": true,
  "teamId": "T03GEEQJT"
}
2016-09-08T13:54:03.677Z - info: UPDATE_UNREADS_INFO : {
  "unreads": 5,
  "unreadHighlights": 0,
  "showBullet": true,
  "teamId": "T03GEEQJT"
}
2016-09-08T13:54:08.798Z - info: UPDATE_UNREADS_INFO : {
  "unreads": 6,
  "unreadHighlights": 0,
  "showBullet": true,
  "teamId": "T03GEEQJT"
}
2016-09-08T14:01:24.086Z - info: UPDATE_UNREADS_INFO : {
  "unreads": 3,
  "unreadHighlights": 0,
  "showBullet": true,
  "teamId": "T03GEEQJT"
}
2016-09-08T14:01:53.678Z - info: UPDATE_UNREADS_INFO : {
  "unreads": 0,
  "unreadHighlights": 0,
  "showBullet": true,
  "teamId": "T03GEEQJT"
}
2016-09-08T14:02:38.862Z - info: UPDATE_UNREADS_INFO : {
  "unreads": 1,
  "unreadHighlights": 0,
  "showBullet": true,
  "teamId": "T03GEEQJT"
}
2016-09-08T14:04:06.445Z - info: UPDATE_UNREADS_INFO : {
  "unreads": 0,
  "unreadHighlights": 0,
  "showBullet": true,
  "teamId": "T03GEEQJT"
}
2016-09-08T14:04:35.829Z - info: UPDATE_UNREADS_INFO : {
  "unreads": 1,
  "unreadHighlights": 0,
  "showBullet": true,
  "teamId": "T03GEEQJT"
}
2016-09-08T14:04:36.153Z - info: UPDATE_UNREADS_INFO : {
  "unreads": 0,
  "unreadHighlights": 0,
  "showBullet": true,
  "teamId": "T03GEEQJT"
}
2016-09-08T14:06:52.862Z - info: UPDATE_UNREADS_INFO : {
  "unreads": 1,
  "unreadHighlights": 0,
  "showBullet": true,
  "teamId": "T03GEEQJT"
}
2016-09-09T08:20:43.600Z - info: Unloading spellchecker
2016-09-09T08:21:36.676Z - info: UPDATE_TEAM_ICONS : {
  "icons": {
    "image_34": "https://s3-us-west-2.amazonaws.com/slack-files2/avatars/2015-10-10/12268136053_28c26614fd9825d8a0c7_34.jpg",
    "image_44": "https://s3-us-west-2.amazonaws.com/slack-files2/avatars/2015-10-10/12268136053_28c26614fd9825d8a0c7_44.jpg",
    "image_68": "https://s3-us-west-2.amazonaws.com/slack-files2/avatars/2015-10-10/12268136053_28c26614fd9825d8a0c7_68.jpg",
    "image_88": "https://s3-us-west-2.amazonaws.com/slack-files2/avatars/2015-10-10/12268136053_28c26614fd9825d8a0c7_88.jpg",
    "image_102": "https://s3-us-west-2.amazonaws.com/slack-files2/avatars/2015-10-10/12268136053_28c26614fd9825d8a0c7_102.jpg",
    "image_132": "https://s3-us-west-2.amazonaws.com/slack-files2/avatars/2015-10-10/12268136053_28c26614fd9825d8a0c7_132.jpg",
    "image_original": "https://s3-us-west-2.amazonaws.com/slack-files2/avatars/2015-10-10/12268136053_28c26614fd9825d8a0c7_original.jpg",
    "image_230": "https://s3-us-west-2.amazonaws.com/slack-files2/avatars/2015-10-10/12268136053_28c26614fd9825d8a0c7_132.jpg"
  },
  "teamId": "T03GEEQJT"
}
2016-09-09T08:21:36.937Z - info: UPDATE_UNREADS_INFO : {
  "unreads": 1,
  "unreadHighlights": 0,
  "showBullet": true,
  "teamId": "T03GEEQJT"
}
2016-09-09T08:21:56.913Z - info: Restoring spellchecker
2016-09-09T08:21:56.957Z - info: Loading dictionary for language en-US
2016-09-09T08:21:56.963Z - info: Returning local copy: /home/haxxel/.config/Slack/dictionaries/en-US.bdic
2016-09-09T08:21:57.140Z - info: Setting current spellchecker to en-US, requested language was en-US
2016-09-09T08:21:57.140Z - info: Creating node-spellchecker instance
2016-09-09T08:21:57.147Z - info: Actually installing spell check provider to Electron
2016-09-09T08:22:00.381Z - info: Unloading spellchecker
2016-09-09T08:28:28.703Z - info: Restoring spellchecker
2016-09-09T08:28:28.723Z - info: Loading dictionary for language en-US
2016-09-09T08:28:28.724Z - info: Returning local copy: /home/haxxel/.config/Slack/dictionaries/en-US.bdic
2016-09-09T08:28:28.748Z - info: Setting current spellchecker to en-US, requested language was en-US
2016-09-09T08:28:28.748Z - info: Creating node-spellchecker instance
2016-09-09T08:28:28.750Z - info: Actually installing spell check provider to Electron
2016-09-09T08:28:32.974Z - info: Unloading spellchecker
2016-09-09T08:28:33.131Z - info: Restoring spellchecker
2016-09-09T08:28:33.137Z - info: Loading dictionary for language en-US
2016-09-09T08:28:33.137Z - info: Returning local copy: /home/haxxel/.config/Slack/dictionaries/en-US.bdic
2016-09-09T08:28:33.262Z - info: Unloading spellchecker
2016-09-09T08:28:33.264Z - info: Setting current spellchecker to en-US, requested language was en-US
2016-09-09T08:28:33.264Z - info: Creating node-spellchecker instance
2016-09-09T08:28:33.266Z - info: Actually installing spell check provider to Electron
2016-09-09T08:28:54.941Z - info: Restoring spellchecker
2016-09-09T08:28:54.944Z - info: Loading dictionary for language en-US
2016-09-09T08:28:54.944Z - info: Returning local copy: /home/haxxel/.config/Slack/dictionaries/en-US.bdic
2016-09-09T08:28:54.972Z - info: Setting current spellchecker to en-US, requested language was en-US
2016-09-09T08:29:02.126Z - info: Unloading spellchecker
2016-09-09T08:29:02.154Z - info: Restoring spellchecker
2016-09-09T08:29:02.156Z - info: Loading dictionary for language en-US
2016-09-09T08:29:02.157Z - info: Returning local copy: /home/haxxel/.config/Slack/dictionaries/en-US.bdic
2016-09-09T08:29:02.168Z - info: Setting current spellchecker to en-US, requested language was en-US
2016-09-09T08:29:02.169Z - info: Creating node-spellchecker instance
2016-09-09T08:29:02.171Z - info: Actually installing spell check provider to Electron
2016-09-09T08:29:02.235Z - info: Unloading spellchecker
2016-09-09T08:31:29.927Z - info: Restoring spellchecker
2016-09-09T08:31:29.942Z - info: Loading dictionary for language en-US
2016-09-09T08:31:29.943Z - info: Returning local copy: /home/haxxel/.config/Slack/dictionaries/en-US.bdic
2016-09-09T08:31:29.986Z - info: Setting current spellchecker to en-US, requested language was en-US
2016-09-09T08:31:29.987Z - info: Creating node-spellchecker instance
2016-09-09T08:31:29.988Z - info: Actually installing spell check provider to Electron
2016-09-09T08:31:31.341Z - info: Unloading spellchecker
2016-09-09T08:31:31.694Z - info: Restoring spellchecker
2016-09-09T08:31:31.706Z - info: Loading dictionary for language en-US
2016-09-09T08:31:31.706Z - info: Returning local copy: /home/haxxel/.config/Slack/dictionaries/en-US.bdic
2016-09-09T08:31:31.728Z - info: Setting current spellchecker to en-US, requested language was en-US
2016-09-09T08:31:31.728Z - info: Creating node-spellchecker instance
2016-09-09T08:31:31.732Z - info: Actually installing spell check provider to Electron
2016-09-09T08:33:27.406Z - info: Unloading spellchecker
2016-09-09T08:50:56.920Z - info: UPDATE_TEAM_ICONS : {
  "icons": {
    "image_34": "https://s3-us-west-2.amazonaws.com/slack-files2/avatars/2015-10-10/12268136053_28c26614fd9825d8a0c7_34.jpg",
    "image_44": "https://s3-us-west-2.amazonaws.com/slack-files2/avatars/2015-10-10/12268136053_28c26614fd9825d8a0c7_44.jpg",
    "image_68": "https://s3-us-west-2.amazonaws.com/slack-files2/avatars/2015-10-10/12268136053_28c26614fd9825d8a0c7_68.jpg",
    "image_88": "https://s3-us-west-2.amazonaws.com/slack-files2/avatars/2015-10-10/12268136053_28c26614fd9825d8a0c7_88.jpg",
    "image_102": "https://s3-us-west-2.amazonaws.com/slack-files2/avatars/2015-10-10/12268136053_28c26614fd9825d8a0c7_102.jpg",
    "image_132": "https://s3-us-west-2.amazonaws.com/slack-files2/avatars/2015-10-10/12268136053_28c26614fd9825d8a0c7_132.jpg",
    "image_original": "https://s3-us-west-2.amazonaws.com/slack-files2/avatars/2015-10-10/12268136053_28c26614fd9825d8a0c7_original.jpg",
    "image_230": "https://s3-us-west-2.amazonaws.com/slack-files2/avatars/2015-10-10/12268136053_28c26614fd9825d8a0c7_132.jpg"
  },
  "teamId": "T03GEEQJT"
}
2016-09-09T08:55:48.442Z - info: UPDATE_UNREADS_INFO : {
  "unreads": 1,
  "unreadHighlights": 0,
  "showBullet": true,
  "teamId": "T03GEEQJT"
}
2016-09-09T08:56:18.178Z - info: Restoring spellchecker
2016-09-09T08:56:18.190Z - info: Loading dictionary for language en-US
2016-09-09T08:56:18.191Z - info: Returning local copy: /home/haxxel/.config/Slack/dictionaries/en-US.bdic
2016-09-09T08:56:18.206Z - info: Setting current spellchecker to en-US, requested language was en-US
2016-09-09T08:56:18.207Z - info: Creating node-spellchecker instance
2016-09-09T08:56:18.210Z - info: Actually installing spell check provider to Electron
2016-09-09T08:56:27.530Z - info: Unloading spellchecker
2016-09-09T08:56:51.256Z - info: Restoring spellchecker
2016-09-09T08:56:51.264Z - info: Loading dictionary for language en-US
2016-09-09T08:56:51.267Z - info: Returning local copy: /home/haxxel/.config/Slack/dictionaries/en-US.bdic
2016-09-09T08:56:51.298Z - info: Setting current spellchecker to en-US, requested language was en-US
2016-09-09T08:56:51.299Z - info: Creating node-spellchecker instance
2016-09-09T08:56:51.301Z - info: Actually installing spell check provider to Electron
2016-09-09T08:57:19.131Z - info: Couldn't detect language for text of length '223': Not enough reliable text, ignoring sample
2016-09-09T08:57:19.187Z - info: UPDATE_UNREADS_INFO : {
  "unreads": 0,
  "unreadHighlights": 0,
  "showBullet": true,
  "teamId": "T03GEEQJT"
}
2016-09-09T08:57:37.358Z - info: Unloading spellchecker
2016-09-09T08:59:11.718Z - info: UPDATE_UNREADS_INFO : {
  "unreads": 1,
  "unreadHighlights": 0,
  "showBullet": true,
  "teamId": "T03GEEQJT"
}
2016-09-09T08:59:12.767Z - info: UPDATE_UNREADS_INFO : {
  "unreads": 2,
  "unreadHighlights": 0,
  "showBullet": true,
  "teamId": "T03GEEQJT"
}
2016-09-09T08:59:22.451Z - info: UPDATE_UNREADS_INFO : {
  "unreads": 3,
  "unreadHighlights": 0,
  "showBullet": true,
  "teamId": "T03GEEQJT"
}
2016-09-09T09:05:50.797Z - info: UPDATE_UNREADS_INFO : {
  "unreads": 4,
  "unreadHighlights": 0,
  "showBullet": true,
  "teamId": "T03GEEQJT"
}
2016-09-09T09:10:11.921Z - info: UPDATE_UNREADS_INFO : {
  "unreads": 5,
  "unreadHighlights": 0,
  "showBullet": true,
  "teamId": "T03GEEQJT"
}
2016-09-09T09:12:01.563Z - info: UPDATE_UNREADS_INFO : {
  "unreads": 6,
  "unreadHighlights": 0,
  "showBullet": true,
  "teamId": "T03GEEQJT"
}
2016-09-09T09:16:47.419Z - info: UPDATE_UNREADS_INFO : {
  "unreads": 4,
  "unreadHighlights": 0,
  "showBullet": true,
  "teamId": "T03GEEQJT"
}
2016-09-09T09:23:04.318Z - info: Restoring spellchecker
2016-09-09T09:23:04.324Z - info: Loading dictionary for language en-US
2016-09-09T09:23:04.324Z - info: Returning local copy: /home/haxxel/.config/Slack/dictionaries/en-US.bdic
2016-09-09T09:23:04.330Z - info: Setting current spellchecker to en-US, requested language was en-US
2016-09-09T09:23:04.330Z - info: Creating node-spellchecker instance
2016-09-09T09:23:04.331Z - info: Actually installing spell check provider to Electron
2016-09-09T09:23:08.481Z - info: Requesting to load sv-SE, alternatives are ["sv-SE","sv-SE","sv-SE"]
2016-09-09T09:23:08.486Z - info: Loading dictionary for language sv-SE
2016-09-09T09:23:08.487Z - info: Returning local copy: /home/haxxel/.config/Slack/dictionaries/sv-SE.bdic
2016-09-09T09:23:08.551Z - info: UPDATE_UNREADS_INFO : {
  "unreads": 0,
  "unreadHighlights": 0,
  "showBullet": true,
  "teamId": "T03GEEQJT"
}
2016-09-09T09:23:08.768Z - info: Setting current spellchecker to sv-SE, requested language was sv-SE
2016-09-09T09:23:08.769Z - info: Creating node-spellchecker instance
2016-09-09T09:23:08.780Z - info: Actually installing spell check provider to Electron
2016-09-09T09:23:54.874Z - info: Attempting detection, string length: 13
2016-09-09T09:23:54.885Z - info: Attempting detection, string length: 13
2016-09-09T09:23:54.886Z - info: Auto-detected language as en
2016-09-09T09:23:54.891Z - info: Loading dictionary for language en-US
2016-09-09T09:23:54.892Z - info: Returning local copy: /home/haxxel/.config/Slack/dictionaries/en-US.bdic
2016-09-09T09:23:54.894Z - info: Auto-detected language as en
2016-09-09T09:23:54.894Z - info: Loading dictionary for language en-US
2016-09-09T09:23:54.896Z - info: Returning local copy: /home/haxxel/.config/Slack/dictionaries/en-US.bdic
2016-09-09T09:23:54.902Z - info: Setting current spellchecker to en-US, requested language was en-US
2016-09-09T09:23:54.902Z - info: Creating node-spellchecker instance
2016-09-09T09:23:54.904Z - info: Actually installing spell check provider to Electron
2016-09-09T09:23:54.904Z - info: New Language is en-US
2016-09-09T09:23:54.905Z - info: Setting current spellchecker to en-US, requested language was en-US
2016-09-09T09:23:54.905Z - info: New Language is en-US
2016-09-09T09:24:27.539Z - info: Unloading spellchecker
2016-09-09T09:39:46.619Z - info: Restoring spellchecker
2016-09-09T09:39:46.623Z - info: Loading dictionary for language en-US
2016-09-09T09:39:46.623Z - info: Returning local copy: /home/haxxel/.config/Slack/dictionaries/en-US.bdic
2016-09-09T09:39:46.644Z - info: Setting current spellchecker to en-US, requested language was en-US
2016-09-09T09:39:46.644Z - info: Creating node-spellchecker instance
2016-09-09T09:39:46.645Z - info: Actually installing spell check provider to Electron
2016-09-09T09:39:49.123Z - info: Unloading spellchecker
2016-09-09T09:40:13.533Z - info: Restoring spellchecker
2016-09-09T09:40:13.549Z - info: Loading dictionary for language en-US
2016-09-09T09:40:13.550Z - info: Returning local copy: /home/haxxel/.config/Slack/dictionaries/en-US.bdic
2016-09-09T09:40:13.583Z - info: Setting current spellchecker to en-US, requested language was en-US
2016-09-09T09:40:13.583Z - info: Creating node-spellchecker instance
2016-09-09T09:40:13.585Z - info: Actually installing spell check provider to Electron
2016-09-09T09:40:14.622Z - info: Unloading spellchecker
2016-09-09T09:40:15.038Z - info: Restoring spellchecker
2016-09-09T09:40:15.042Z - info: Loading dictionary for language en-US
2016-09-09T09:40:15.042Z - info: Returning local copy: /home/haxxel/.config/Slack/dictionaries/en-US.bdic
2016-09-09T09:40:15.067Z - info: Setting current spellchecker to en-US, requested language was en-US
2016-09-09T09:40:15.068Z - info: Creating node-spellchecker instance
2016-09-09T09:40:15.069Z - info: Actually installing spell check provider to Electron
2016-09-09T09:40:15.286Z - info: Unloading spellchecker
2016-09-09T09:40:15.445Z - info: Restoring spellchecker
2016-09-09T09:40:15.466Z - info: Loading dictionary for language en-US
2016-09-09T09:40:15.467Z - info: Returning local copy: /home/haxxel/.config/Slack/dictionaries/en-US.bdic
2016-09-09T09:40:15.483Z - info: Setting current spellchecker to en-US, requested language was en-US
2016-09-09T09:40:15.483Z - info: Creating node-spellchecker instance
2016-09-09T09:40:15.484Z - info: Actually installing spell check provider to Electron
2016-09-09T09:40:15.710Z - info: Unloading spellchecker
2016-09-09T09:40:15.800Z - info: Restoring spellchecker
2016-09-09T09:40:15.803Z - info: Loading dictionary for language en-US
2016-09-09T09:40:15.804Z - info: Returning local copy: /home/haxxel/.config/Slack/dictionaries/en-US.bdic
2016-09-09T09:40:15.820Z - info: Setting current spellchecker to en-US, requested language was en-US
2016-09-09T09:40:15.821Z - info: Creating node-spellchecker instance
2016-09-09T09:40:15.822Z - info: Actually installing spell check provider to Electron
2016-09-09T09:40:15.973Z - info: Unloading spellchecker
2016-09-09T09:40:16.151Z - info: Restoring spellchecker
2016-09-09T09:40:16.164Z - info: Loading dictionary for language en-US
2016-09-09T09:40:16.169Z - info: Returning local copy: /home/haxxel/.config/Slack/dictionaries/en-US.bdic
2016-09-09T09:40:16.334Z - info: Setting current spellchecker to en-US, requested language was en-US
2016-09-09T09:40:16.334Z - info: Creating node-spellchecker instance
2016-09-09T09:40:16.335Z - info: Actually installing spell check provider to Electron
2016-09-09T09:40:16.338Z - info: Unloading spellchecker
2016-09-09T09:40:16.407Z - info: Restoring spellchecker
2016-09-09T09:40:16.410Z - info: Loading dictionary for language en-US
2016-09-09T09:40:16.410Z - info: Returning local copy: /home/haxxel/.config/Slack/dictionaries/en-US.bdic
2016-09-09T09:40:16.425Z - info: Setting current spellchecker to en-US, requested language was en-US
2016-09-09T09:40:16.425Z - info: Creating node-spellchecker instance
2016-09-09T09:40:16.426Z - info: Actually installing spell check provider to Electron
2016-09-09T09:40:16.575Z - info: Unloading spellchecker
2016-09-09T11:25:07.747Z - info: UPDATE_TEAM_ICONS : {
  "icons": {
    "image_34": "https://s3-us-west-2.amazonaws.com/slack-files2/avatars/2015-10-10/12268136053_28c26614fd9825d8a0c7_34.jpg",
    "image_44": "https://s3-us-west-2.amazonaws.com/slack-files2/avatars/2015-10-10/12268136053_28c26614fd9825d8a0c7_44.jpg",
    "image_68": "https://s3-us-west-2.amazonaws.com/slack-files2/avatars/2015-10-10/12268136053_28c26614fd9825d8a0c7_68.jpg",
    "image_88": "https://s3-us-west-2.amazonaws.com/slack-files2/avatars/2015-10-10/12268136053_28c26614fd9825d8a0c7_88.jpg",
    "image_102": "https://s3-us-west-2.amazonaws.com/slack-files2/avatars/2015-10-10/12268136053_28c26614fd9825d8a0c7_102.jpg",
    "image_132": "https://s3-us-west-2.amazonaws.com/slack-files2/avatars/2015-10-10/12268136053_28c26614fd9825d8a0c7_132.jpg",
    "image_original": "https://s3-us-west-2.amazonaws.com/slack-files2/avatars/2015-10-10/12268136053_28c26614fd9825d8a0c7_original.jpg",
    "image_230": "https://s3-us-west-2.amazonaws.com/slack-files2/avatars/2015-10-10/12268136053_28c26614fd9825d8a0c7_132.jpg"
  },
  "teamId": "T03GEEQJT"
}
2016-09-09T11:44:40.761Z - info: UPDATE_UNREADS_INFO : {
  "unreads": 1,
  "unreadHighlights": 0,
  "showBullet": true,
  "teamId": "T03GEEQJT"
}
2016-09-09T11:44:45.786Z - info: UPDATE_UNREADS_INFO : {
  "unreads": 2,
  "unreadHighlights": 0,
  "showBullet": true,
  "teamId": "T03GEEQJT"
}
2016-09-09T11:44:59.670Z - info: UPDATE_UNREADS_INFO : {
  "unreads": 3,
  "unreadHighlights": 0,
  "showBullet": true,
  "teamId": "T03GEEQJT"
}
2016-09-09T15:10:21.706Z - info: UPDATE_TEAM_ICONS : {
  "icons": {
    "image_34": "https://s3-us-west-2.amazonaws.com/slack-files2/avatars/2015-10-10/12268136053_28c26614fd9825d8a0c7_34.jpg",
    "image_44": "https://s3-us-west-2.amazonaws.com/slack-files2/avatars/2015-10-10/12268136053_28c26614fd9825d8a0c7_44.jpg",
    "image_68": "https://s3-us-west-2.amazonaws.com/slack-files2/avatars/2015-10-10/12268136053_28c26614fd9825d8a0c7_68.jpg",
    "image_88": "https://s3-us-west-2.amazonaws.com/slack-files2/avatars/2015-10-10/12268136053_28c26614fd9825d8a0c7_88.jpg",
    "image_102": "https://s3-us-west-2.amazonaws.com/slack-files2/avatars/2015-10-10/12268136053_28c26614fd9825d8a0c7_102.jpg",
    "image_132": "https://s3-us-west-2.amazonaws.com/slack-files2/avatars/2015-10-10/12268136053_28c26614fd9825d8a0c7_132.jpg",
    "image_original": "https://s3-us-west-2.amazonaws.com/slack-files2/avatars/2015-10-10/12268136053_28c26614fd9825d8a0c7_original.jpg",
    "image_230": "https://s3-us-west-2.amazonaws.com/slack-files2/avatars/2015-10-10/12268136053_28c26614fd9825d8a0c7_132.jpg"
  },
  "teamId": "T03GEEQJT"
}
2016-09-09T15:10:22.194Z - info: UPDATE_UNREADS_INFO : {
  "unreads": 3,
  "unreadHighlights": 0,
  "showBullet": true,
  "teamId": "T03GEEQJT"
}
2016-09-09T15:10:22.203Z - info: UPDATE_UNREADS_INFO : {
  "unreads": 3,
  "unreadHighlights": 0,
  "showBullet": true,
  "teamId": "T03GEEQJT"
}
2016-09-09T15:10:26.929Z - info: UPDATE_UNREADS_INFO : {
  "unreads": 8,
  "unreadHighlights": 0,
  "showBullet": true,
  "teamId": "T03GEEQJT"
}
2016-09-27T19:03:46.795Z - info: UPDATE_SEARCH_BOX_SIZE : {
  "newSize": {
    "id": "search",
    "width": 197,
    "height": 34,
    "top": 13.671874046325684,
    "left": 460.97003173828125
  }
}
2016-09-27T19:03:53.730Z - info: Raw Locale list: ["C","POSIX","sv_SE.utf8",""]
2016-09-27T19:03:53.731Z - info: Filtered Locale list: ["sv_SE"]
2016-09-27T19:03:53.731Z - info: Counts: {"sv":["sv_SE"]}
2016-09-27T19:03:53.731Z - info: Setting sv
2016-09-27T19:03:53.732Z - info: Result: {"sv":"sv-SE"}
2016-09-27T19:03:53.739Z - info: Loading dictionary for language sv-SE
2016-09-27T19:03:53.739Z - info: Returning local copy: /home/haxxel/.config/Slack/dictionaries/sv-SE.bdic
2016-09-27T19:03:53.746Z - info: Raw Locale list: ["C","POSIX","sv_SE.utf8",""]
2016-09-27T19:03:53.746Z - info: Filtered Locale list: ["sv_SE"]
2016-09-27T19:03:53.747Z - info: Counts: {"sv":["sv_SE"]}
2016-09-27T19:03:53.747Z - info: Setting sv
2016-09-27T19:03:53.747Z - info: Result: {"sv":"sv-SE"}
2016-09-27T19:03:53.747Z - info: Loading dictionary for language sv-SE
2016-09-27T19:03:53.748Z - info: Returning local copy: /home/haxxel/.config/Slack/dictionaries/sv-SE.bdic
2016-09-27T19:03:54.200Z - info: UPDATE_UNREADS_INFO : {
  "unreads": 0,
  "unreadHighlights": 0,
  "showBullet": true,
  "teamId": "T03GEEQJT"
}
2016-09-27T19:03:54.532Z - info: UPDATE_TEAM_THEME : {
  "theme": {
    "column_bg": "#4D5250",
    "menu_bg": "#444A47",
    "active_item": "#D39B46",
    "active_item_text": "#FFFFFF",
    "hover_item": "#434745",
    "text_color": "#FFFFFF",
    "active_presence": "#99D04A",
    "badge": "#DB6668"
  },
  "teamId": "T03GEEQJT"
}
2016-09-27T19:03:54.543Z - info: UPDATE_TEAM_ICONS : {
  "icons": {
    "image_34": "https://s3-us-west-2.amazonaws.com/slack-files2/avatars/2015-10-10/12268136053_28c26614fd9825d8a0c7_34.jpg",
    "image_44": "https://s3-us-west-2.amazonaws.com/slack-files2/avatars/2015-10-10/12268136053_28c26614fd9825d8a0c7_44.jpg",
    "image_68": "https://s3-us-west-2.amazonaws.com/slack-files2/avatars/2015-10-10/12268136053_28c26614fd9825d8a0c7_68.jpg",
    "image_88": "https://s3-us-west-2.amazonaws.com/slack-files2/avatars/2015-10-10/12268136053_28c26614fd9825d8a0c7_88.jpg",
    "image_102": "https://s3-us-west-2.amazonaws.com/slack-files2/avatars/2015-10-10/12268136053_28c26614fd9825d8a0c7_102.jpg",
    "image_132": "https://s3-us-west-2.amazonaws.com/slack-files2/avatars/2015-10-10/12268136053_28c26614fd9825d8a0c7_132.jpg",
    "image_original": "https://s3-us-west-2.amazonaws.com/slack-files2/avatars/2015-10-10/12268136053_28c26614fd9825d8a0c7_original.jpg",
    "image_230": "https://s3-us-west-2.amazonaws.com/slack-files2/avatars/2015-10-10/12268136053_28c26614fd9825d8a0c7_132.jpg"
  },
  "teamId": "T03GEEQJT"
}
2016-09-27T19:03:54.866Z - info: Setting current spellchecker to sv-SE, requested language was sv-SE
2016-09-27T19:03:54.867Z - info: Creating node-spellchecker instance
2016-09-27T19:03:54.875Z - info: Setting current spellchecker to sv-SE, requested language was sv-SE
2016-09-27T19:03:54.875Z - info: Actually installing spell check provider to Electron
2016-09-27T19:04:21.590Z - info: Unloading spellchecker
2016-09-27T19:04:21.616Z - info: Restoring spellchecker
2016-09-27T19:04:21.622Z - info: Loading dictionary for language sv-SE
2016-09-27T19:04:21.623Z - info: Returning local copy: /home/haxxel/.config/Slack/dictionaries/sv-SE.bdic
2016-09-27T19:04:21.636Z - info: Setting current spellchecker to sv-SE, requested language was sv-SE
2016-09-27T19:04:21.637Z - info: Creating node-spellchecker instance
2016-09-27T19:04:21.644Z - info: Actually installing spell check provider to Electron
2016-09-27T19:04:21.694Z - info: Unloading spellchecker
2016-09-27T19:04:22.724Z - info: Restoring spellchecker
2016-09-27T19:04:22.729Z - info: Loading dictionary for language sv-SE
2016-09-27T19:04:22.730Z - info: Returning local copy: /home/haxxel/.config/Slack/dictionaries/sv-SE.bdic
2016-09-27T19:04:22.755Z - info: Setting current spellchecker to sv-SE, requested language was sv-SE
2016-09-27T19:04:22.755Z - info: Creating node-spellchecker instance
2016-09-27T19:04:22.757Z - info: Actually installing spell check provider to Electron
2016-09-27T19:04:25.186Z - info: Loading dictionary for language sv-SE
2016-09-27T19:04:25.186Z - info: Returning local copy: /home/haxxel/.config/Slack/dictionaries/sv-SE.bdic
2016-09-27T19:04:25.227Z - info: UPDATE_UNREADS_INFO : {
  "unreads": 0,
  "unreadHighlights": 0,
  "showBullet": true,
  "teamId": "T03GEEQJT"
}
2016-09-27T19:04:25.248Z - info: Setting current spellchecker to sv-SE, requested language was sv-SE
2016-09-27T19:06:20.656Z - info: Unloading spellchecker
2016-09-27T19:21:34.489Z - info: Restoring spellchecker
2016-09-27T19:21:34.495Z - info: Loading dictionary for language sv-SE
2016-09-27T19:21:34.496Z - info: Returning local copy: /home/haxxel/.config/Slack/dictionaries/sv-SE.bdic
2016-09-27T19:21:34.521Z - info: Setting current spellchecker to sv-SE, requested language was sv-SE
2016-09-27T19:21:34.523Z - info: Creating node-spellchecker instance
2016-09-27T19:21:34.526Z - info: Actually installing spell check provider to Electron
2016-09-27T19:21:39.346Z - info: Unloading spellchecker
2016-09-27T19:21:40.940Z - info: Restoring spellchecker
2016-09-27T19:21:40.943Z - info: Loading dictionary for language sv-SE
2016-09-27T19:21:40.943Z - info: Returning local copy: /home/haxxel/.config/Slack/dictionaries/sv-SE.bdic
2016-09-27T19:21:40.957Z - info: Setting current spellchecker to sv-SE, requested language was sv-SE
2016-09-27T19:21:40.958Z - info: Creating node-spellchecker instance
2016-09-27T19:21:40.960Z - info: Actually installing spell check provider to Electron
2016-09-27T19:21:41.324Z - info: Unloading spellchecker
2016-09-27T19:36:00.775Z - info: Restoring spellchecker
2016-09-27T19:36:00.778Z - info: Loading dictionary for language sv-SE
2016-09-27T19:36:00.779Z - info: Returning local copy: /home/haxxel/.config/Slack/dictionaries/sv-SE.bdic
2016-09-27T19:36:00.794Z - info: Setting current spellchecker to sv-SE, requested language was sv-SE
2016-09-27T19:36:00.794Z - info: Creating node-spellchecker instance
2016-09-27T19:36:00.796Z - info: Actually installing spell check provider to Electron
2016-09-27T19:36:21.408Z - info: Unloading spellchecker
2016-09-27T19:41:00.334Z - info: UPDATE_UNREADS_INFO : {
  "unreads": 1,
  "unreadHighlights": 0,
  "showBullet": true,
  "teamId": "T03GEEQJT"
}
2016-09-28T11:32:07.404Z - info: UPDATE_TEAM_ICONS : {
  "icons": {
    "image_34": "https://s3-us-west-2.amazonaws.com/slack-files2/avatars/2015-10-10/12268136053_28c26614fd9825d8a0c7_34.jpg",
    "image_44": "https://s3-us-west-2.amazonaws.com/slack-files2/avatars/2015-10-10/12268136053_28c26614fd9825d8a0c7_44.jpg",
    "image_68": "https://s3-us-west-2.amazonaws.com/slack-files2/avatars/2015-10-10/12268136053_28c26614fd9825d8a0c7_68.jpg",
    "image_88": "https://s3-us-west-2.amazonaws.com/slack-files2/avatars/2015-10-10/12268136053_28c26614fd9825d8a0c7_88.jpg",
    "image_102": "https://s3-us-west-2.amazonaws.com/slack-files2/avatars/2015-10-10/12268136053_28c26614fd9825d8a0c7_102.jpg",
    "image_132": "https://s3-us-west-2.amazonaws.com/slack-files2/avatars/2015-10-10/12268136053_28c26614fd9825d8a0c7_132.jpg",
    "image_original": "https://s3-us-west-2.amazonaws.com/slack-files2/avatars/2015-10-10/12268136053_28c26614fd9825d8a0c7_original.jpg",
    "image_230": "https://s3-us-west-2.amazonaws.com/slack-files2/avatars/2015-10-10/12268136053_28c26614fd9825d8a0c7_132.jpg"
  },
  "teamId": "T03GEEQJT"
}
2016-09-28T11:32:08.216Z - info: UPDATE_UNREADS_INFO : {
  "unreads": 1,
  "unreadHighlights": 0,
  "showBullet": true,
  "teamId": "T03GEEQJT"
}
2016-09-28T11:32:08.236Z - info: UPDATE_UNREADS_INFO : {
  "unreads": 1,
  "unreadHighlights": 0,
  "showBullet": true,
  "teamId": "T03GEEQJT"
}
2016-09-28T11:32:09.558Z - info: UPDATE_UNREADS_INFO : {
  "unreads": 5,
  "unreadHighlights": 0,
  "showBullet": true,
  "teamId": "T03GEEQJT"
}
2016-09-28T11:32:09.879Z - info: UPDATE_UNREADS_INFO : {
  "unreads": 7,
  "unreadHighlights": 0,
  "showBullet": true,
  "teamId": "T03GEEQJT"
}
2016-09-28T12:24:59.216Z - info: Restoring spellchecker
2016-09-28T12:24:59.237Z - info: Loading dictionary for language sv-SE
2016-09-28T12:24:59.239Z - info: Returning local copy: /home/haxxel/.config/Slack/dictionaries/sv-SE.bdic
2016-09-28T12:24:59.265Z - info: UPDATE_UNREADS_INFO : {
  "unreads": 6,
  "unreadHighlights": 0,
  "showBullet": true,
  "teamId": "T03GEEQJT"
}
2016-09-28T12:24:59.312Z - info: Setting current spellchecker to sv-SE, requested language was sv-SE
2016-09-28T12:24:59.313Z - info: Creating node-spellchecker instance
2016-09-28T12:24:59.320Z - info: Actually installing spell check provider to Electron
2016-09-28T12:25:05.003Z - info: Loading dictionary for language sv-SE
2016-09-28T12:25:05.004Z - info: Returning local copy: /home/haxxel/.config/Slack/dictionaries/sv-SE.bdic
2016-09-28T12:25:05.141Z - info: UPDATE_UNREADS_INFO : {
  "unreads": 3,
  "unreadHighlights": 0,
  "showBullet": true,
  "teamId": "T03GEEQJT"
}
2016-09-28T12:25:05.282Z - info: Setting current spellchecker to sv-SE, requested language was sv-SE
2016-09-28T12:25:07.576Z - info: UPDATE_TEAM_ICONS : {
  "icons": {
    "image_34": "https://s3-us-west-2.amazonaws.com/slack-files2/avatars/2015-10-10/12268136053_28c26614fd9825d8a0c7_34.jpg",
    "image_44": "https://s3-us-west-2.amazonaws.com/slack-files2/avatars/2015-10-10/12268136053_28c26614fd9825d8a0c7_44.jpg",
    "image_68": "https://s3-us-west-2.amazonaws.com/slack-files2/avatars/2015-10-10/12268136053_28c26614fd9825d8a0c7_68.jpg",
    "image_88": "https://s3-us-west-2.amazonaws.com/slack-files2/avatars/2015-10-10/12268136053_28c26614fd9825d8a0c7_88.jpg",
    "image_102": "https://s3-us-west-2.amazonaws.com/slack-files2/avatars/2015-10-10/12268136053_28c26614fd9825d8a0c7_102.jpg",
    "image_132": "https://s3-us-west-2.amazonaws.com/slack-files2/avatars/2015-10-10/12268136053_28c26614fd9825d8a0c7_132.jpg",
    "image_original": "https://s3-us-west-2.amazonaws.com/slack-files2/avatars/2015-10-10/12268136053_28c26614fd9825d8a0c7_original.jpg",
    "image_230": "https://s3-us-west-2.amazonaws.com/slack-files2/avatars/2015-10-10/12268136053_28c26614fd9825d8a0c7_132.jpg"
  },
  "teamId": "T03GEEQJT"
}
2016-09-28T12:25:08.375Z - info: UPDATE_UNREADS_INFO : {
  "unreads": 3,
  "unreadHighlights": 0,
  "showBullet": true,
  "teamId": "T03GEEQJT"
}
2016-09-28T12:25:15.427Z - info: Couldn't detect language for text of length '41': Failed to identify language, ignoring sample
2016-09-28T12:25:15.477Z - info: UPDATE_UNREADS_INFO : {
  "unreads": 1,
  "unreadHighlights": 0,
  "showBullet": true,
  "teamId": "T03GEEQJT"
}
2016-09-28T12:25:28.030Z - info: Couldn't detect language for text of length '181': Not enough reliable text, ignoring sample
2016-09-28T12:25:28.069Z - info: UPDATE_UNREADS_INFO : {
  "unreads": 0,
  "unreadHighlights": 0,
  "showBullet": true,
  "teamId": "T03GEEQJT"
}
2016-09-28T12:25:53.956Z - info: Unloading spellchecker
2016-09-28T12:40:43.493Z - info: UPDATE_UNREADS_INFO : {
  "unreads": 1,
  "unreadHighlights": 0,
  "showBullet": true,
  "teamId": "T03GEEQJT"
}
2016-09-28T12:41:40.759Z - info: UPDATE_UNREADS_INFO : {
  "unreads": 2,
  "unreadHighlights": 0,
  "showBullet": true,
  "teamId": "T03GEEQJT"
}
2016-09-28T12:41:45.325Z - info: UPDATE_UNREADS_INFO : {
  "unreads": 3,
  "unreadHighlights": 0,
  "showBullet": true,
  "teamId": "T03GEEQJT"
}
2016-09-28T12:58:29.120Z - info: UPDATE_UNREADS_INFO : {
  "unreads": 4,
  "unreadHighlights": 0,
  "showBullet": true,
  "teamId": "T03GEEQJT"
}
2016-09-28T12:58:45.109Z - info: UPDATE_UNREADS_INFO : {
  "unreads": 5,
  "unreadHighlights": 0,
  "showBullet": true,
  "teamId": "T03GEEQJT"
}
2016-09-28T12:58:58.247Z - info: UPDATE_UNREADS_INFO : {
  "unreads": 6,
  "unreadHighlights": 0,
  "showBullet": true,
  "teamId": "T03GEEQJT"
}
2016-09-28T12:58:58.537Z - info: UPDATE_UNREADS_INFO : {
  "unreads": 7,
  "unreadHighlights": 0,
  "showBullet": true,
  "teamId": "T03GEEQJT"
}
2016-09-28T12:59:17.249Z - info: UPDATE_UNREADS_INFO : {
  "unreads": 8,
  "unreadHighlights": 0,
  "showBullet": true,
  "teamId": "T03GEEQJT"
}
2016-09-28T13:00:13.172Z - info: UPDATE_UNREADS_INFO : {
  "unreads": 9,
  "unreadHighlights": 0,
  "showBullet": true,
  "teamId": "T03GEEQJT"
}
2016-09-28T13:00:31.579Z - info: UPDATE_UNREADS_INFO : {
  "unreads": 10,
  "unreadHighlights": 0,
  "showBullet": true,
  "teamId": "T03GEEQJT"
}
2016-09-28T13:00:32.635Z - info: UPDATE_UNREADS_INFO : {
  "unreads": 11,
  "unreadHighlights": 0,
  "showBullet": true,
  "teamId": "T03GEEQJT"
}
2016-09-28T13:45:47.778Z - info: UPDATE_TEAM_ICONS : {
  "icons": {
    "image_34": "https://s3-us-west-2.amazonaws.com/slack-files2/avatars/2015-10-10/12268136053_28c26614fd9825d8a0c7_34.jpg",
    "image_44": "https://s3-us-west-2.amazonaws.com/slack-files2/avatars/2015-10-10/12268136053_28c26614fd9825d8a0c7_44.jpg",
    "image_68": "https://s3-us-west-2.amazonaws.com/slack-files2/avatars/2015-10-10/12268136053_28c26614fd9825d8a0c7_68.jpg",
    "image_88": "https://s3-us-west-2.amazonaws.com/slack-files2/avatars/2015-10-10/12268136053_28c26614fd9825d8a0c7_88.jpg",
    "image_102": "https://s3-us-west-2.amazonaws.com/slack-files2/avatars/2015-10-10/12268136053_28c26614fd9825d8a0c7_102.jpg",
    "image_132": "https://s3-us-west-2.amazonaws.com/slack-files2/avatars/2015-10-10/12268136053_28c26614fd9825d8a0c7_132.jpg",
    "image_original": "https://s3-us-west-2.amazonaws.com/slack-files2/avatars/2015-10-10/12268136053_28c26614fd9825d8a0c7_original.jpg",
    "image_230": "https://s3-us-west-2.amazonaws.com/slack-files2/avatars/2015-10-10/12268136053_28c26614fd9825d8a0c7_132.jpg"
  },
  "teamId": "T03GEEQJT"
}
2016-09-28T13:45:47.956Z - info: UPDATE_UNREADS_INFO : {
  "unreads": 11,
  "unreadHighlights": 0,
  "showBullet": true,
  "teamId": "T03GEEQJT"
}
2016-09-28T13:59:17.797Z - info: Restoring spellchecker
2016-09-28T13:59:17.816Z - info: Loading dictionary for language sv-SE
2016-09-28T13:59:17.818Z - info: Returning local copy: /home/haxxel/.config/Slack/dictionaries/sv-SE.bdic
2016-09-28T13:59:17.836Z - info: UPDATE_UNREADS_INFO : {
  "unreads": 1,
  "unreadHighlights": 0,
  "showBullet": true,
  "teamId": "T03GEEQJT"
}
2016-09-28T13:59:17.881Z - info: Setting current spellchecker to sv-SE, requested language was sv-SE
2016-09-28T13:59:17.881Z - info: Creating node-spellchecker instance
2016-09-28T13:59:17.887Z - info: Actually installing spell check provider to Electron
2016-09-28T13:59:24.981Z - info: Loading dictionary for language sv-SE
2016-09-28T13:59:24.981Z - info: Returning local copy: /home/haxxel/.config/Slack/dictionaries/sv-SE.bdic
2016-09-28T13:59:25.024Z - info: Setting current spellchecker to sv-SE, requested language was sv-SE
2016-09-28T13:59:25.487Z - info: UPDATE_UNREADS_INFO : {
  "unreads": 0,
  "unreadHighlights": 0,
  "showBullet": true,
  "teamId": "T03GEEQJT"
}
2016-09-28T13:59:31.145Z - info: Unloading spellchecker
2016-09-28T14:03:25.871Z - info: Restoring spellchecker
2016-09-28T14:03:25.888Z - info: Loading dictionary for language sv-SE
2016-09-28T14:03:25.890Z - info: Returning local copy: /home/haxxel/.config/Slack/dictionaries/sv-SE.bdic
2016-09-28T14:03:25.934Z - info: Setting current spellchecker to sv-SE, requested language was sv-SE
2016-09-28T14:03:25.934Z - info: Creating node-spellchecker instance
2016-09-28T14:03:25.941Z - info: Actually installing spell check provider to Electron
2016-09-28T14:03:26.351Z - info: Unloading spellchecker
2016-09-28T15:05:28.207Z - info: UPDATE_TEAM_ICONS : {
  "icons": {
    "image_34": "https://s3-us-west-2.amazonaws.com/slack-files2/avatars/2015-10-10/12268136053_28c26614fd9825d8a0c7_34.jpg",
    "image_44": "https://s3-us-west-2.amazonaws.com/slack-files2/avatars/2015-10-10/12268136053_28c26614fd9825d8a0c7_44.jpg",
    "image_68": "https://s3-us-west-2.amazonaws.com/slack-files2/avatars/2015-10-10/12268136053_28c26614fd9825d8a0c7_68.jpg",
    "image_88": "https://s3-us-west-2.amazonaws.com/slack-files2/avatars/2015-10-10/12268136053_28c26614fd9825d8a0c7_88.jpg",
    "image_102": "https://s3-us-west-2.amazonaws.com/slack-files2/avatars/2015-10-10/12268136053_28c26614fd9825d8a0c7_102.jpg",
    "image_132": "https://s3-us-west-2.amazonaws.com/slack-files2/avatars/2015-10-10/12268136053_28c26614fd9825d8a0c7_132.jpg",
    "image_original": "https://s3-us-west-2.amazonaws.com/slack-files2/avatars/2015-10-10/12268136053_28c26614fd9825d8a0c7_original.jpg",
    "image_230": "https://s3-us-west-2.amazonaws.com/slack-files2/avatars/2015-10-10/12268136053_28c26614fd9825d8a0c7_132.jpg"
  },
  "teamId": "T03GEEQJT"
}
2016-09-28T15:12:06.416Z - info: Restoring spellchecker
2016-09-28T15:12:06.424Z - info: Loading dictionary for language sv-SE
2016-09-28T15:12:06.425Z - info: Returning local copy: /home/haxxel/.config/Slack/dictionaries/sv-SE.bdic
2016-09-28T15:12:06.440Z - info: Setting current spellchecker to sv-SE, requested language was sv-SE
2016-09-28T15:12:06.440Z - info: Creating node-spellchecker instance
2016-09-28T15:12:06.443Z - info: Actually installing spell check provider to Electron
2016-09-28T15:12:07.422Z - info: Unloading spellchecker
2016-09-29T11:36:52.729Z - info: UPDATE_TEAM_ICONS : {
  "icons": {
    "image_34": "https://s3-us-west-2.amazonaws.com/slack-files2/avatars/2015-10-10/12268136053_28c26614fd9825d8a0c7_34.jpg",
    "image_44": "https://s3-us-west-2.amazonaws.com/slack-files2/avatars/2015-10-10/12268136053_28c26614fd9825d8a0c7_44.jpg",
    "image_68": "https://s3-us-west-2.amazonaws.com/slack-files2/avatars/2015-10-10/12268136053_28c26614fd9825d8a0c7_68.jpg",
    "image_88": "https://s3-us-west-2.amazonaws.com/slack-files2/avatars/2015-10-10/12268136053_28c26614fd9825d8a0c7_88.jpg",
    "image_102": "https://s3-us-west-2.amazonaws.com/slack-files2/avatars/2015-10-10/12268136053_28c26614fd9825d8a0c7_102.jpg",
    "image_132": "https://s3-us-west-2.amazonaws.com/slack-files2/avatars/2015-10-10/12268136053_28c26614fd9825d8a0c7_132.jpg",
    "image_original": "https://s3-us-west-2.amazonaws.com/slack-files2/avatars/2015-10-10/12268136053_28c26614fd9825d8a0c7_original.jpg",
    "image_230": "https://s3-us-west-2.amazonaws.com/slack-files2/avatars/2015-10-10/12268136053_28c26614fd9825d8a0c7_132.jpg"
  },
  "teamId": "T03GEEQJT"
}
