2016-09-08T11:53:30.061Z - info: Window is unloading, winssb is no longer accessible
2016-09-08T11:53:49.117Z - info: Unloading spellchecker
2016-09-08T11:56:59.170Z - info: Window is unloading, winssb is no longer accessible
2016-09-08T12:00:28.165Z - info: Window is unloading, winssb is no longer accessible
2016-09-08T12:03:26.990Z - info: Window is unloading, winssb is no longer accessible
2016-09-08T12:03:56.973Z - info: Window is unloading, winssb is no longer accessible
2016-09-08T12:05:36.121Z - info: Window is unloading, winssb is no longer accessible
2016-09-08T12:06:06.010Z - info: Window is unloading, winssb is no longer accessible
2016-09-08T12:07:45.402Z - info: Window is unloading, winssb is no longer accessible
2016-09-08T12:08:14.865Z - info: Window is unloading, winssb is no longer accessible
2016-09-08T12:08:32.486Z - info: Window is unloading, winssb is no longer accessible
2016-09-08T12:09:54.427Z - info: Window is unloading, winssb is no longer accessible
2016-09-08T12:10:23.959Z - info: Window is unloading, winssb is no longer accessible
2016-09-08T12:10:41.186Z - info: Window is unloading, winssb is no longer accessible
2016-09-08T12:12:03.515Z - info: Window is unloading, winssb is no longer accessible
2016-09-08T12:12:32.775Z - info: Window is unloading, winssb is no longer accessible
2016-09-08T12:12:50.032Z - info: Window is unloading, winssb is no longer accessible
2016-09-08T12:14:12.565Z - info: Window is unloading, winssb is no longer accessible
2016-09-08T12:14:41.936Z - info: Window is unloading, winssb is no longer accessible
2016-09-08T12:14:58.897Z - info: Window is unloading, winssb is no longer accessible
2016-09-08T12:15:46.256Z - info: Window is unloading, winssb is no longer accessible
2016-09-08T12:16:21.801Z - info: Window is unloading, winssb is no longer accessible
2016-09-08T12:16:50.782Z - info: Window is unloading, winssb is no longer accessible
2016-09-08T12:18:30.656Z - info: Window is unloading, winssb is no longer accessible
2016-09-08T12:18:59.892Z - info: Window is unloading, winssb is no longer accessible
2016-09-08T12:19:15.110Z - info: Window is unloading, winssb is no longer accessible
2016-09-08T12:21:08.637Z - info: Window is unloading, winssb is no longer accessible
2016-09-08T12:21:23.950Z - info: Window is unloading, winssb is no longer accessible
2016-09-08T12:22:48.478Z - info: Window is unloading, winssb is no longer accessible
2016-09-08T12:23:17.900Z - info: Window is unloading, winssb is no longer accessible
2016-09-08T12:23:32.768Z - info: Window is unloading, winssb is no longer accessible
2016-09-08T12:25:26.879Z - info: Window is unloading, winssb is no longer accessible
2016-09-08T12:25:41.608Z - info: Window is unloading, winssb is no longer accessible
2016-09-08T12:26:14.531Z - info: Window is unloading, winssb is no longer accessible
2016-09-08T12:26:16.971Z - info: Window is unloading, winssb is no longer accessible
2016-09-08T12:27:36.555Z - info: Window is unloading, winssb is no longer accessible
2016-09-08T12:27:50.451Z - info: Window is unloading, winssb is no longer accessible
2016-09-08T12:28:25.949Z - info: Window is unloading, winssb is no longer accessible
2016-09-08T12:29:43.230Z - info: Window is unloading, winssb is no longer accessible
2016-09-08T12:29:45.450Z - info: Window is unloading, winssb is no longer accessible
2016-09-08T12:29:59.295Z - info: Window is unloading, winssb is no longer accessible
2016-09-08T12:30:35.030Z - info: Window is unloading, winssb is no longer accessible
2016-09-08T12:31:52.099Z - info: Window is unloading, winssb is no longer accessible
2016-09-08T12:32:08.105Z - info: Window is unloading, winssb is no longer accessible
2016-09-08T12:32:44.112Z - info: Window is unloading, winssb is no longer accessible
2016-09-08T12:34:00.694Z - info: Window is unloading, winssb is no longer accessible
2016-09-08T12:34:16.971Z - info: Window is unloading, winssb is no longer accessible
2016-09-08T12:36:12.775Z - info: Window is unloading, winssb is no longer accessible
2016-09-08T12:36:25.708Z - info: Window is unloading, winssb is no longer accessible
2016-09-08T12:37:02.390Z - info: Window is unloading, winssb is no longer accessible
2016-09-08T12:37:29.924Z - info: Window is unloading, winssb is no longer accessible
2016-09-08T12:38:21.390Z - info: Window is unloading, winssb is no longer accessible
2016-09-08T12:38:35.041Z - info: Window is unloading, winssb is no longer accessible
2016-09-08T12:38:37.771Z - info: Window is unloading, winssb is no longer accessible
2016-09-08T12:39:08.706Z - info: Window is unloading, winssb is no longer accessible
2016-09-08T12:39:11.482Z - info: Window is unloading, winssb is no longer accessible
2016-09-08T12:39:38.877Z - info: Window is unloading, winssb is no longer accessible
2016-09-08T12:40:44.113Z - info: Window is unloading, winssb is no longer accessible
2016-09-08T12:41:20.528Z - info: Window is unloading, winssb is no longer accessible
2016-09-08T12:41:48.020Z - info: Window is unloading, winssb is no longer accessible
2016-09-08T12:42:06.743Z - info: Window is unloading, winssb is no longer accessible
2016-09-08T12:42:53.176Z - info: Window is unloading, winssb is no longer accessible
2016-09-08T12:42:53.986Z - info: Window is unloading, winssb is no longer accessible
2016-09-08T12:43:29.526Z - info: Window is unloading, winssb is no longer accessible
2016-09-08T12:43:56.801Z - info: Window is unloading, winssb is no longer accessible
2016-09-08T12:44:44.144Z - info: Window is unloading, winssb is no longer accessible
2016-09-08T12:45:38.379Z - info: Window is unloading, winssb is no longer accessible
2016-09-08T12:46:05.761Z - info: Window is unloading, winssb is no longer accessible
2016-09-08T12:46:23.024Z - info: Window is unloading, winssb is no longer accessible
2016-09-08T12:46:52.761Z - info: Window is unloading, winssb is no longer accessible
2016-09-08T12:47:47.247Z - info: Window is unloading, winssb is no longer accessible
2016-09-08T12:48:14.728Z - info: Window is unloading, winssb is no longer accessible
2016-09-08T12:48:31.962Z - info: Window is unloading, winssb is no longer accessible
2016-09-08T12:49:01.429Z - info: Window is unloading, winssb is no longer accessible
2016-09-08T12:49:48.705Z - info: Window is unloading, winssb is no longer accessible
2016-09-08T12:49:56.070Z - info: Window is unloading, winssb is no longer accessible
2016-09-08T12:50:07.716Z - info: Window is unloading, winssb is no longer accessible
2016-09-08T12:50:23.809Z - info: Window is unloading, winssb is no longer accessible
2016-09-08T12:50:40.830Z - info: Window is unloading, winssb is no longer accessible
2016-09-08T12:52:04.648Z - info: Window is unloading, winssb is no longer accessible
2016-09-08T12:52:32.829Z - info: Window is unloading, winssb is no longer accessible
2016-09-08T12:52:49.672Z - info: Window is unloading, winssb is no longer accessible
2016-09-08T12:52:51.959Z - info: Window is unloading, winssb is no longer accessible
2016-09-08T12:53:17.411Z - info: Window is unloading, winssb is no longer accessible
2016-09-08T12:53:36.596Z - info: Window is unloading, winssb is no longer accessible
2016-09-08T12:54:41.818Z - info: Window is unloading, winssb is no longer accessible
2016-09-08T12:54:58.518Z - info: Window is unloading, winssb is no longer accessible
2016-09-08T12:55:26.098Z - info: Window is unloading, winssb is no longer accessible
2016-09-08T12:55:45.496Z - info: Window is unloading, winssb is no longer accessible
2016-09-08T12:56:20.952Z - info: Window is unloading, winssb is no longer accessible
2016-09-08T12:56:50.663Z - info: Window is unloading, winssb is no longer accessible
2016-09-08T12:57:07.397Z - info: Window is unloading, winssb is no longer accessible
2016-09-08T12:57:34.714Z - info: Window is unloading, winssb is no longer accessible
2016-09-08T12:57:54.558Z - info: Window is unloading, winssb is no longer accessible
2016-09-08T12:58:29.839Z - info: Window is unloading, winssb is no longer accessible
2016-09-08T12:58:59.767Z - info: Window is unloading, winssb is no longer accessible
2016-09-08T12:59:16.233Z - info: Window is unloading, winssb is no longer accessible
2016-09-08T12:59:43.357Z - info: Window is unloading, winssb is no longer accessible
2016-09-08T13:00:03.413Z - info: Window is unloading, winssb is no longer accessible
2016-09-08T13:00:03.526Z - info: Window is unloading, winssb is no longer accessible
2016-09-08T13:00:35.748Z - info: Window is unloading, winssb is no longer accessible
2016-09-08T13:00:38.806Z - info: Window is unloading, winssb is no longer accessible
2016-09-08T13:01:08.721Z - info: Window is unloading, winssb is no longer accessible
2016-09-08T13:01:51.953Z - info: Window is unloading, winssb is no longer accessible
2016-09-08T13:02:47.691Z - info: Window is unloading, winssb is no longer accessible
2016-09-08T13:03:17.563Z - info: Window is unloading, winssb is no longer accessible
2016-09-08T13:03:32.477Z - info: Window is unloading, winssb is no longer accessible
2016-09-08T13:03:34.944Z - info: Window is unloading, winssb is no longer accessible
2016-09-08T13:04:00.617Z - info: Window is unloading, winssb is no longer accessible
2016-09-08T13:04:04.640Z - info: Window is unloading, winssb is no longer accessible
2016-09-08T13:05:26.407Z - info: Window is unloading, winssb is no longer accessible
2016-09-08T13:05:41.332Z - info: Window is unloading, winssb is no longer accessible
2016-09-08T13:06:09.247Z - info: Window is unloading, winssb is no longer accessible
2016-09-08T13:06:13.521Z - info: Window is unloading, winssb is no longer accessible
2016-09-08T13:06:13.661Z - info: Window is unloading, winssb is no longer accessible
2016-09-08T13:07:03.819Z - info: Window is unloading, winssb is no longer accessible
2016-09-08T13:07:50.137Z - info: Window is unloading, winssb is no longer accessible
2016-09-08T13:08:17.897Z - info: Window is unloading, winssb is no longer accessible
2016-09-08T13:08:21.237Z - info: Window is unloading, winssb is no longer accessible
2016-09-08T13:08:22.340Z - info: Window is unloading, winssb is no longer accessible
2016-09-08T13:08:37.451Z - info: Window is unloading, winssb is no longer accessible
2016-09-08T13:08:38.817Z - info: Window is unloading, winssb is no longer accessible
2016-09-08T13:09:09.670Z - info: Window is unloading, winssb is no longer accessible
2016-09-08T13:09:12.672Z - info: Window is unloading, winssb is no longer accessible
2016-09-08T13:10:26.529Z - info: Window is unloading, winssb is no longer accessible
2016-09-08T13:10:47.866Z - info: Window is unloading, winssb is no longer accessible
2016-09-08T13:11:21.599Z - info: Window is unloading, winssb is no longer accessible
2016-09-08T13:11:50.588Z - info: Window is unloading, winssb is no longer accessible
2016-09-08T13:12:06.152Z - info: Window is unloading, winssb is no longer accessible
2016-09-08T13:12:35.187Z - info: Window is unloading, winssb is no longer accessible
2016-09-08T13:12:56.734Z - info: Window is unloading, winssb is no longer accessible
2016-09-08T13:13:25.885Z - info: Window is unloading, winssb is no longer accessible
2016-09-08T13:13:30.432Z - info: Window is unloading, winssb is no longer accessible
2016-09-08T13:13:59.825Z - info: Window is unloading, winssb is no longer accessible
2016-09-08T13:14:14.797Z - info: Window is unloading, winssb is no longer accessible
2016-09-08T13:14:43.816Z - info: Window is unloading, winssb is no longer accessible
2016-09-08T13:15:05.556Z - info: Window is unloading, winssb is no longer accessible
2016-09-08T13:15:39.272Z - info: Window is unloading, winssb is no longer accessible
2016-09-08T13:16:09.045Z - info: Window is unloading, winssb is no longer accessible
2016-09-08T13:16:23.429Z - info: Window is unloading, winssb is no longer accessible
2016-09-08T13:16:52.465Z - info: Window is unloading, winssb is no longer accessible
2016-09-08T13:16:54.576Z - info: Window is unloading, winssb is no longer accessible
2016-09-08T13:17:14.393Z - info: Window is unloading, winssb is no longer accessible
2016-09-08T13:17:48.100Z - info: Window is unloading, winssb is no longer accessible
2016-09-08T13:18:18.183Z - info: Window is unloading, winssb is no longer accessible
2016-09-08T13:18:32.073Z - info: Window is unloading, winssb is no longer accessible
2016-09-08T13:19:01.076Z - info: Window is unloading, winssb is no longer accessible
2016-09-08T13:19:03.214Z - info: Window is unloading, winssb is no longer accessible
2016-09-08T13:19:23.257Z - info: Window is unloading, winssb is no longer accessible
2016-09-08T13:19:56.787Z - info: Window is unloading, winssb is no longer accessible
2016-09-08T13:20:27.170Z - info: Window is unloading, winssb is no longer accessible
2016-09-08T13:20:40.741Z - info: Window is unloading, winssb is no longer accessible
2016-09-08T13:21:09.707Z - info: Window is unloading, winssb is no longer accessible
2016-09-08T13:21:11.853Z - info: Window is unloading, winssb is no longer accessible
2016-09-08T13:21:32.133Z - info: Window is unloading, winssb is no longer accessible
2016-09-08T13:22:05.634Z - info: Window is unloading, winssb is no longer accessible
2016-09-08T13:22:36.015Z - info: Window is unloading, winssb is no longer accessible
2016-09-08T13:22:49.340Z - info: Window is unloading, winssb is no longer accessible
2016-09-08T13:23:18.376Z - info: Window is unloading, winssb is no longer accessible
2016-09-08T13:23:20.503Z - info: Window is unloading, winssb is no longer accessible
2016-09-08T13:23:40.984Z - info: Window is unloading, winssb is no longer accessible
2016-09-08T13:24:14.266Z - info: Window is unloading, winssb is no longer accessible
2016-09-08T13:24:44.868Z - info: Window is unloading, winssb is no longer accessible
2016-09-08T13:24:57.956Z - info: Window is unloading, winssb is no longer accessible
2016-09-08T13:25:27.005Z - info: Window is unloading, winssb is no longer accessible
2016-09-08T13:25:29.139Z - info: Window is unloading, winssb is no longer accessible
2016-09-08T13:25:45.293Z - info: Window is unloading, winssb is no longer accessible
2016-09-08T13:25:49.849Z - info: Window is unloading, winssb is no longer accessible
2016-09-08T13:26:22.889Z - info: Window is unloading, winssb is no longer accessible
2016-09-08T13:26:53.684Z - info: Window is unloading, winssb is no longer accessible
2016-09-08T13:27:35.650Z - info: Window is unloading, winssb is no longer accessible
2016-09-08T13:27:37.767Z - info: Window is unloading, winssb is no longer accessible
2016-09-08T13:27:52.657Z - info: Window is unloading, winssb is no longer accessible
2016-09-08T13:27:58.678Z - info: Window is unloading, winssb is no longer accessible
2016-09-08T13:28:22.945Z - info: Window is unloading, winssb is no longer accessible
2016-09-08T13:28:31.526Z - info: Window is unloading, winssb is no longer accessible
2016-09-08T13:29:02.444Z - info: Window is unloading, winssb is no longer accessible
2016-09-08T13:29:46.418Z - info: Window is unloading, winssb is no longer accessible
2016-09-08T13:30:07.532Z - info: Window is unloading, winssb is no longer accessible
2016-09-08T13:30:40.166Z - info: Window is unloading, winssb is no longer accessible
2016-09-08T13:31:11.301Z - info: Window is unloading, winssb is no longer accessible
2016-09-08T13:31:21.343Z - info: Window is unloading, winssb is no longer accessible
2016-09-08T13:31:51.621Z - info: Window is unloading, winssb is no longer accessible
2016-09-08T13:31:55.040Z - info: Window is unloading, winssb is no longer accessible
2016-09-08T13:32:16.358Z - info: Window is unloading, winssb is no longer accessible
2016-09-08T13:32:48.799Z - info: Window is unloading, winssb is no longer accessible
2016-09-08T13:33:20.158Z - info: Window is unloading, winssb is no longer accessible
2016-09-08T13:33:29.960Z - info: Window is unloading, winssb is no longer accessible
2016-09-08T13:34:00.281Z - info: Window is unloading, winssb is no longer accessible
2016-09-08T13:34:03.676Z - info: Window is unloading, winssb is no longer accessible
2016-09-08T13:34:25.405Z - info: Window is unloading, winssb is no longer accessible
2016-09-08T13:34:57.452Z - info: Window is unloading, winssb is no longer accessible
2016-09-08T13:35:29.234Z - info: Window is unloading, winssb is no longer accessible
2016-09-08T13:35:38.624Z - info: Window is unloading, winssb is no longer accessible
2016-09-08T13:36:08.919Z - info: Window is unloading, winssb is no longer accessible
2016-09-08T13:36:12.544Z - info: Window is unloading, winssb is no longer accessible
2016-09-08T13:36:16.767Z - info: Window is unloading, winssb is no longer accessible
2016-09-08T13:36:25.935Z - info: Window is unloading, winssb is no longer accessible
2016-09-08T13:36:34.333Z - info: Window is unloading, winssb is no longer accessible
2016-09-08T13:37:06.100Z - info: Window is unloading, winssb is no longer accessible
2016-09-08T13:38:17.603Z - info: Window is unloading, winssb is no longer accessible
2016-09-08T13:38:21.363Z - info: Window is unloading, winssb is no longer accessible
2016-09-08T13:38:41.274Z - info: UPDATE_SEARCH_BOX_SIZE : {
  "newSize": {
    "width": 197
  }
}
2016-09-08T13:38:49.343Z - info: Raw Locale list: ["C","POSIX","sv_SE.utf8",""]
2016-09-08T13:38:49.347Z - info: Filtered Locale list: ["sv_SE"]
2016-09-08T13:38:49.348Z - info: Counts: {"sv":["sv_SE"]}
2016-09-08T13:38:49.348Z - info: Setting sv
2016-09-08T13:38:49.349Z - info: Result: {"sv":"sv-SE"}
2016-09-08T13:38:49.362Z - info: Requesting to load sv-SE, alternatives are ["sv-SE","sv-SE","sv-SE"]
2016-09-08T13:38:49.375Z - info: Loading dictionary for language sv-SE
2016-09-08T13:38:49.380Z - info: Actually downloading https://redirector.gvt1.com/edgedl/chrome/dict/sv-se-3-0.bdic
2016-09-08T13:38:49.544Z - info: Raw Locale list: ["C","POSIX","sv_SE.utf8",""]
2016-09-08T13:38:49.545Z - info: Filtered Locale list: ["sv_SE"]
2016-09-08T13:38:49.545Z - info: Counts: {"sv":["sv_SE"]}
2016-09-08T13:38:49.545Z - info: Setting sv
2016-09-08T13:38:49.545Z - info: Result: {"sv":"sv-SE"}
2016-09-08T13:38:49.545Z - info: Requesting to load sv-SE, alternatives are ["sv-SE","sv-SE","sv-SE"]
2016-09-08T13:38:49.546Z - info: Loading dictionary for language sv-SE
2016-09-08T13:38:49.546Z - info: Actually downloading https://redirector.gvt1.com/edgedl/chrome/dict/sv-se-3-0.bdic
2016-09-08T13:38:51.030Z - info: UPDATE_TEAM_THEME : {
  "theme": {
    "column_bg": "#4D394B",
    "menu_bg": "#3E313C",
    "active_item": "#4C9689",
    "active_item_text": "#FFFFFF",
    "hover_item": "#3E313C",
    "text_color": "#FFFFFF",
    "active_presence": "#38978D",
    "badge": "#EB4D5C"
  },
  "teamId": "T15F12VGC"
}
2016-09-08T13:38:51.062Z - info: UPDATE_TEAM_ICONS : {
  "icons": {
    "image_34": "https://s3-us-west-2.amazonaws.com/slack-files2/avatars/2016-05-02/39565360193_c84bfcf25e387cc585e2_34.png",
    "image_44": "https://s3-us-west-2.amazonaws.com/slack-files2/avatars/2016-05-02/39565360193_c84bfcf25e387cc585e2_44.png",
    "image_68": "https://s3-us-west-2.amazonaws.com/slack-files2/avatars/2016-05-02/39565360193_c84bfcf25e387cc585e2_68.png",
    "image_88": "https://s3-us-west-2.amazonaws.com/slack-files2/avatars/2016-05-02/39565360193_c84bfcf25e387cc585e2_88.png",
    "image_102": "https://s3-us-west-2.amazonaws.com/slack-files2/avatars/2016-05-02/39565360193_c84bfcf25e387cc585e2_102.png",
    "image_132": "https://s3-us-west-2.amazonaws.com/slack-files2/avatars/2016-05-02/39565360193_c84bfcf25e387cc585e2_132.png",
    "image_original": "https://s3-us-west-2.amazonaws.com/slack-files2/avatars/2016-05-02/39565360193_c84bfcf25e387cc585e2_original.png",
    "image_230": "https://s3-us-west-2.amazonaws.com/slack-files2/avatars/2016-05-02/39565360193_c84bfcf25e387cc585e2_132.png"
  },
  "teamId": "T15F12VGC"
}
2016-09-08T13:38:54.394Z - info: Setting current spellchecker to sv-SE, requested language was sv-SE
2016-09-08T13:38:54.395Z - info: Creating node-spellchecker instance
2016-09-08T13:38:54.401Z - info: Actually installing spell check provider to Electron
2016-09-08T13:38:54.488Z - info: Setting current spellchecker to sv-SE, requested language was sv-SE
2016-09-09T08:21:36.126Z - info: UPDATE_TEAM_ICONS : {
  "icons": {
    "image_34": "https://s3-us-west-2.amazonaws.com/slack-files2/avatars/2016-05-02/39565360193_c84bfcf25e387cc585e2_34.png",
    "image_44": "https://s3-us-west-2.amazonaws.com/slack-files2/avatars/2016-05-02/39565360193_c84bfcf25e387cc585e2_44.png",
    "image_68": "https://s3-us-west-2.amazonaws.com/slack-files2/avatars/2016-05-02/39565360193_c84bfcf25e387cc585e2_68.png",
    "image_88": "https://s3-us-west-2.amazonaws.com/slack-files2/avatars/2016-05-02/39565360193_c84bfcf25e387cc585e2_88.png",
    "image_102": "https://s3-us-west-2.amazonaws.com/slack-files2/avatars/2016-05-02/39565360193_c84bfcf25e387cc585e2_102.png",
    "image_132": "https://s3-us-west-2.amazonaws.com/slack-files2/avatars/2016-05-02/39565360193_c84bfcf25e387cc585e2_132.png",
    "image_original": "https://s3-us-west-2.amazonaws.com/slack-files2/avatars/2016-05-02/39565360193_c84bfcf25e387cc585e2_original.png",
    "image_230": "https://s3-us-west-2.amazonaws.com/slack-files2/avatars/2016-05-02/39565360193_c84bfcf25e387cc585e2_132.png"
  },
  "teamId": "T15F12VGC"
}
2016-09-09T08:28:18.764Z - info: Unloading spellchecker
2016-09-09T08:28:18.953Z - info: Restoring spellchecker
2016-09-09T08:28:18.962Z - info: Loading dictionary for language sv-SE
2016-09-09T08:28:18.964Z - info: Returning local copy: /home/haxxel/.config/Slack/dictionaries/sv-SE.bdic
2016-09-09T08:28:19.069Z - info: Unloading spellchecker
2016-09-09T08:28:19.077Z - info: Setting current spellchecker to sv-SE, requested language was sv-SE
2016-09-09T08:28:19.077Z - info: Creating node-spellchecker instance
2016-09-09T08:28:19.085Z - info: Actually installing spell check provider to Electron
2016-09-09T08:28:33.254Z - info: Restoring spellchecker
2016-09-09T08:28:33.260Z - info: Loading dictionary for language sv-SE
2016-09-09T08:28:33.261Z - info: Returning local copy: /home/haxxel/.config/Slack/dictionaries/sv-SE.bdic
2016-09-09T08:28:33.286Z - info: Setting current spellchecker to sv-SE, requested language was sv-SE
2016-09-09T08:28:34.554Z - info: Unloading spellchecker
2016-09-09T08:28:34.756Z - info: Restoring spellchecker
2016-09-09T08:28:34.765Z - info: Loading dictionary for language sv-SE
2016-09-09T08:28:34.765Z - info: Returning local copy: /home/haxxel/.config/Slack/dictionaries/sv-SE.bdic
2016-09-09T08:28:34.884Z - info: Unloading spellchecker
2016-09-09T08:28:34.892Z - info: Setting current spellchecker to sv-SE, requested language was sv-SE
2016-09-09T08:28:34.893Z - info: Creating node-spellchecker instance
2016-09-09T08:28:34.896Z - info: Actually installing spell check provider to Electron
2016-09-09T08:28:36.700Z - info: Restoring spellchecker
2016-09-09T08:28:36.708Z - info: Loading dictionary for language sv-SE
2016-09-09T08:28:36.709Z - info: Returning local copy: /home/haxxel/.config/Slack/dictionaries/sv-SE.bdic
2016-09-09T08:28:36.729Z - info: Setting current spellchecker to sv-SE, requested language was sv-SE
2016-09-09T08:28:46.310Z - info: Window is unloading, winssb is no longer accessible
2016-09-09T08:28:52.680Z - info: Window is unloading, winssb is no longer accessible
2016-09-09T08:28:54.741Z - info: REMOVE_TEAM : "T15F12VGC"
2016-09-27T19:03:46.587Z - info: UPDATE_SEARCH_BOX_SIZE : {
  "newSize": {
    "id": "search",
    "width": 197,
    "height": 34,
    "top": 13.671874046325684,
    "left": 536.7295532226562
  }
}
2016-09-27T19:03:52.810Z - info: Raw Locale list: ["C","POSIX","sv_SE.utf8",""]
2016-09-27T19:03:52.817Z - info: Filtered Locale list: ["sv_SE"]
2016-09-27T19:03:52.818Z - info: Counts: {"sv":["sv_SE"]}
2016-09-27T19:03:52.818Z - info: Setting sv
2016-09-27T19:03:52.819Z - info: Result: {"sv":"sv-SE"}
2016-09-27T19:03:52.832Z - info: Loading dictionary for language sv-SE
2016-09-27T19:03:52.833Z - info: Returning local copy: /home/haxxel/.config/Slack/dictionaries/sv-SE.bdic
2016-09-27T19:03:52.842Z - info: Raw Locale list: ["C","POSIX","sv_SE.utf8",""]
2016-09-27T19:03:52.842Z - info: Filtered Locale list: ["sv_SE"]
2016-09-27T19:03:52.842Z - info: Counts: {"sv":["sv_SE"]}
2016-09-27T19:03:52.842Z - info: Setting sv
2016-09-27T19:03:52.842Z - info: Result: {"sv":"sv-SE"}
2016-09-27T19:03:52.843Z - info: Loading dictionary for language sv-SE
2016-09-27T19:03:52.844Z - info: Returning local copy: /home/haxxel/.config/Slack/dictionaries/sv-SE.bdic
2016-09-27T19:03:53.196Z - info: UPDATE_TEAM_THEME : {
  "theme": {
    "column_bg": "#4D394B",
    "menu_bg": "#3E313C",
    "active_item": "#4C9689",
    "active_item_text": "#FFFFFF",
    "hover_item": "#3E313C",
    "text_color": "#FFFFFF",
    "active_presence": "#38978D",
    "badge": "#EB4D5C"
  },
  "teamId": "T284RQWQL"
}
2016-09-27T19:03:54.254Z - info: UPDATE_TEAM_ICONS : {
  "icons": {
    "image_34": "https://s3-us-west-2.amazonaws.com/slack-files2/avatars/2016-09-04/76172769749_b86a574bcbabd8c90b3d_34.png",
    "image_44": "https://s3-us-west-2.amazonaws.com/slack-files2/avatars/2016-09-04/76172769749_b86a574bcbabd8c90b3d_44.png",
    "image_68": "https://s3-us-west-2.amazonaws.com/slack-files2/avatars/2016-09-04/76172769749_b86a574bcbabd8c90b3d_68.png",
    "image_88": "https://s3-us-west-2.amazonaws.com/slack-files2/avatars/2016-09-04/76172769749_b86a574bcbabd8c90b3d_88.png",
    "image_102": "https://s3-us-west-2.amazonaws.com/slack-files2/avatars/2016-09-04/76172769749_b86a574bcbabd8c90b3d_102.png",
    "image_132": "https://s3-us-west-2.amazonaws.com/slack-files2/avatars/2016-09-04/76172769749_b86a574bcbabd8c90b3d_132.png",
    "image_230": "https://s3-us-west-2.amazonaws.com/slack-files2/avatars/2016-09-04/76172769749_b86a574bcbabd8c90b3d_230.png",
    "image_original": "https://s3-us-west-2.amazonaws.com/slack-files2/avatars/2016-09-04/76172769749_b86a574bcbabd8c90b3d_original.png"
  },
  "teamId": "T284RQWQL"
}
2016-09-27T19:03:54.918Z - info: Setting current spellchecker to sv-SE, requested language was sv-SE
2016-09-27T19:03:54.918Z - info: Creating node-spellchecker instance
2016-09-27T19:03:54.924Z - info: Setting current spellchecker to sv-SE, requested language was sv-SE
2016-09-27T19:03:54.925Z - info: Actually installing spell check provider to Electron
2016-09-27T19:03:54.960Z - info: UPDATE_UNREADS_INFO : {
  "unreads": 1,
  "unreadHighlights": 0,
  "showBullet": true,
  "teamId": "T284RQWQL"
}
2016-09-27T19:03:56.039Z - info: UPDATE_UNREADS_INFO : {
  "unreads": 0,
  "unreadHighlights": 0,
  "showBullet": true,
  "teamId": "T284RQWQL"
}
2016-09-27T19:04:19.855Z - info: Unloading spellchecker
2016-09-27T19:04:19.911Z - info: Restoring spellchecker
2016-09-27T19:04:19.922Z - info: Loading dictionary for language sv-SE
2016-09-27T19:04:19.922Z - info: Returning local copy: /home/haxxel/.config/Slack/dictionaries/sv-SE.bdic
2016-09-27T19:04:19.979Z - info: Setting current spellchecker to sv-SE, requested language was sv-SE
2016-09-27T19:04:19.979Z - info: Creating node-spellchecker instance
2016-09-27T19:04:19.983Z - info: Actually installing spell check provider to Electron
2016-09-27T19:04:20.038Z - info: Unloading spellchecker
2016-09-27T19:04:21.705Z - info: Restoring spellchecker
2016-09-27T19:04:21.714Z - info: Loading dictionary for language sv-SE
2016-09-27T19:04:21.715Z - info: Returning local copy: /home/haxxel/.config/Slack/dictionaries/sv-SE.bdic
2016-09-27T19:04:21.737Z - info: Setting current spellchecker to sv-SE, requested language was sv-SE
2016-09-27T19:04:21.737Z - info: Creating node-spellchecker instance
2016-09-27T19:04:21.745Z - info: Actually installing spell check provider to Electron
2016-09-27T19:04:22.631Z - info: Unloading spellchecker
2016-09-27T19:04:22.652Z - info: Restoring spellchecker
2016-09-27T19:04:22.657Z - info: Loading dictionary for language sv-SE
2016-09-27T19:04:22.657Z - info: Returning local copy: /home/haxxel/.config/Slack/dictionaries/sv-SE.bdic
2016-09-27T19:04:22.679Z - info: Setting current spellchecker to sv-SE, requested language was sv-SE
2016-09-27T19:04:22.679Z - info: Creating node-spellchecker instance
2016-09-27T19:04:22.681Z - info: Actually installing spell check provider to Electron
2016-09-27T19:04:22.716Z - info: Unloading spellchecker
2016-09-28T11:32:07.627Z - info: UPDATE_TEAM_ICONS : {
  "icons": {
    "image_34": "https://s3-us-west-2.amazonaws.com/slack-files2/avatars/2016-09-04/76172769749_b86a574bcbabd8c90b3d_34.png",
    "image_44": "https://s3-us-west-2.amazonaws.com/slack-files2/avatars/2016-09-04/76172769749_b86a574bcbabd8c90b3d_44.png",
    "image_68": "https://s3-us-west-2.amazonaws.com/slack-files2/avatars/2016-09-04/76172769749_b86a574bcbabd8c90b3d_68.png",
    "image_88": "https://s3-us-west-2.amazonaws.com/slack-files2/avatars/2016-09-04/76172769749_b86a574bcbabd8c90b3d_88.png",
    "image_102": "https://s3-us-west-2.amazonaws.com/slack-files2/avatars/2016-09-04/76172769749_b86a574bcbabd8c90b3d_102.png",
    "image_132": "https://s3-us-west-2.amazonaws.com/slack-files2/avatars/2016-09-04/76172769749_b86a574bcbabd8c90b3d_132.png",
    "image_230": "https://s3-us-west-2.amazonaws.com/slack-files2/avatars/2016-09-04/76172769749_b86a574bcbabd8c90b3d_230.png",
    "image_original": "https://s3-us-west-2.amazonaws.com/slack-files2/avatars/2016-09-04/76172769749_b86a574bcbabd8c90b3d_original.png"
  },
  "teamId": "T284RQWQL"
}
2016-09-28T12:25:07.216Z - info: UPDATE_TEAM_ICONS : {
  "icons": {
    "image_34": "https://s3-us-west-2.amazonaws.com/slack-files2/avatars/2016-09-04/76172769749_b86a574bcbabd8c90b3d_34.png",
    "image_44": "https://s3-us-west-2.amazonaws.com/slack-files2/avatars/2016-09-04/76172769749_b86a574bcbabd8c90b3d_44.png",
    "image_68": "https://s3-us-west-2.amazonaws.com/slack-files2/avatars/2016-09-04/76172769749_b86a574bcbabd8c90b3d_68.png",
    "image_88": "https://s3-us-west-2.amazonaws.com/slack-files2/avatars/2016-09-04/76172769749_b86a574bcbabd8c90b3d_88.png",
    "image_102": "https://s3-us-west-2.amazonaws.com/slack-files2/avatars/2016-09-04/76172769749_b86a574bcbabd8c90b3d_102.png",
    "image_132": "https://s3-us-west-2.amazonaws.com/slack-files2/avatars/2016-09-04/76172769749_b86a574bcbabd8c90b3d_132.png",
    "image_230": "https://s3-us-west-2.amazonaws.com/slack-files2/avatars/2016-09-04/76172769749_b86a574bcbabd8c90b3d_230.png",
    "image_original": "https://s3-us-west-2.amazonaws.com/slack-files2/avatars/2016-09-04/76172769749_b86a574bcbabd8c90b3d_original.png"
  },
  "teamId": "T284RQWQL"
}
2016-09-28T13:45:49.452Z - info: UPDATE_TEAM_ICONS : {
  "icons": {
    "image_34": "https://s3-us-west-2.amazonaws.com/slack-files2/avatars/2016-09-04/76172769749_b86a574bcbabd8c90b3d_34.png",
    "image_44": "https://s3-us-west-2.amazonaws.com/slack-files2/avatars/2016-09-04/76172769749_b86a574bcbabd8c90b3d_44.png",
    "image_68": "https://s3-us-west-2.amazonaws.com/slack-files2/avatars/2016-09-04/76172769749_b86a574bcbabd8c90b3d_68.png",
    "image_88": "https://s3-us-west-2.amazonaws.com/slack-files2/avatars/2016-09-04/76172769749_b86a574bcbabd8c90b3d_88.png",
    "image_102": "https://s3-us-west-2.amazonaws.com/slack-files2/avatars/2016-09-04/76172769749_b86a574bcbabd8c90b3d_102.png",
    "image_132": "https://s3-us-west-2.amazonaws.com/slack-files2/avatars/2016-09-04/76172769749_b86a574bcbabd8c90b3d_132.png",
    "image_230": "https://s3-us-west-2.amazonaws.com/slack-files2/avatars/2016-09-04/76172769749_b86a574bcbabd8c90b3d_230.png",
    "image_original": "https://s3-us-west-2.amazonaws.com/slack-files2/avatars/2016-09-04/76172769749_b86a574bcbabd8c90b3d_original.png"
  },
  "teamId": "T284RQWQL"
}
2016-09-28T15:05:28.606Z - info: UPDATE_TEAM_ICONS : {
  "icons": {
    "image_34": "https://s3-us-west-2.amazonaws.com/slack-files2/avatars/2016-09-04/76172769749_b86a574bcbabd8c90b3d_34.png",
    "image_44": "https://s3-us-west-2.amazonaws.com/slack-files2/avatars/2016-09-04/76172769749_b86a574bcbabd8c90b3d_44.png",
    "image_68": "https://s3-us-west-2.amazonaws.com/slack-files2/avatars/2016-09-04/76172769749_b86a574bcbabd8c90b3d_68.png",
    "image_88": "https://s3-us-west-2.amazonaws.com/slack-files2/avatars/2016-09-04/76172769749_b86a574bcbabd8c90b3d_88.png",
    "image_102": "https://s3-us-west-2.amazonaws.com/slack-files2/avatars/2016-09-04/76172769749_b86a574bcbabd8c90b3d_102.png",
    "image_132": "https://s3-us-west-2.amazonaws.com/slack-files2/avatars/2016-09-04/76172769749_b86a574bcbabd8c90b3d_132.png",
    "image_230": "https://s3-us-west-2.amazonaws.com/slack-files2/avatars/2016-09-04/76172769749_b86a574bcbabd8c90b3d_230.png",
    "image_original": "https://s3-us-west-2.amazonaws.com/slack-files2/avatars/2016-09-04/76172769749_b86a574bcbabd8c90b3d_original.png"
  },
  "teamId": "T284RQWQL"
}
2016-09-29T11:36:52.721Z - info: UPDATE_TEAM_ICONS : {
  "icons": {
    "image_34": "https://s3-us-west-2.amazonaws.com/slack-files2/avatars/2016-09-04/76172769749_b86a574bcbabd8c90b3d_34.png",
    "image_44": "https://s3-us-west-2.amazonaws.com/slack-files2/avatars/2016-09-04/76172769749_b86a574bcbabd8c90b3d_44.png",
    "image_68": "https://s3-us-west-2.amazonaws.com/slack-files2/avatars/2016-09-04/76172769749_b86a574bcbabd8c90b3d_68.png",
    "image_88": "https://s3-us-west-2.amazonaws.com/slack-files2/avatars/2016-09-04/76172769749_b86a574bcbabd8c90b3d_88.png",
    "image_102": "https://s3-us-west-2.amazonaws.com/slack-files2/avatars/2016-09-04/76172769749_b86a574bcbabd8c90b3d_102.png",
    "image_132": "https://s3-us-west-2.amazonaws.com/slack-files2/avatars/2016-09-04/76172769749_b86a574bcbabd8c90b3d_132.png",
    "image_230": "https://s3-us-west-2.amazonaws.com/slack-files2/avatars/2016-09-04/76172769749_b86a574bcbabd8c90b3d_230.png",
    "image_original": "https://s3-us-west-2.amazonaws.com/slack-files2/avatars/2016-09-04/76172769749_b86a574bcbabd8c90b3d_original.png"
  },
  "teamId": "T284RQWQL"
}
2016-09-29T11:36:53.299Z - info: UPDATE_UNREADS_INFO : {
  "unreads": 0,
  "unreadHighlights": 0,
  "showBullet": true,
  "teamId": "T284RQWQL"
}
2016-09-29T11:36:54.665Z - info: UPDATE_UNREADS_INFO : {
  "unreads": 6,
  "unreadHighlights": 0,
  "showBullet": true,
  "teamId": "T284RQWQL"
}
